#
# There is insufficient memory for the Java Runtime Environment to continue.
# Native memory allocation (mmap) failed to map 319815680 bytes for Failed to commit area from 0x0000000095800000 to 0x00000000a8900000 of length 319815680.
# Possible reasons:
#   The system is out of physical RAM or swap space
#   The process is running with CompressedOops enabled, and the Java Heap may be blocking the growth of the native heap
# Possible solutions:
#   Reduce memory load on the system
#   Increase physical memory or swap space
#   Check if swap backing store is full
#   Decrease Java heap size (-Xmx/-Xms)
#   Decrease number of Java threads
#   Decrease Java thread stack sizes (-Xss)
#   Set larger code cache with -XX:ReservedCodeCacheSize=
#   JVM is running with Unscaled Compressed Oops mode in which the Java heap is
#     placed in the first 4GB address space. The Java Heap base address is the
#     maximum limit for the native heap growth. Please use -XX:HeapBaseMinAddress
#     to set the Java Heap base and to place the Java Heap above 4GB virtual address.
# This output file may be truncated or incomplete.
#
#  Out of Memory Error (./open/src/hotspot/os/windows/os_windows.cpp:3315), pid=10348, tid=16760
#
# JRE version: Java(TM) SE Runtime Environment (14.0.2+12) (build 14.0.2+12-46)
# Java VM: Java HotSpot(TM) 64-Bit Server VM (14.0.2+12-46, mixed mode, sharing, tiered, compressed oops, g1 gc, windows-amd64)
# No core dump will be written. Minidumps are not enabled by default on client versions of Windows
#

---------------  S U M M A R Y ------------

Command Line: -javaagent:C:\Program Files\JetBrains\IntelliJ IDEA 2020.2.2\lib\idea_rt.jar=53370:C:\Program Files\JetBrains\IntelliJ IDEA 2020.2.2\bin -Dfile.encoding=UTF-8 com.mesi.MainZeldo

Host: Intel(R) Core(TM) i7-6700HQ CPU @ 2.60GHz, 8 cores, 7G,  Windows 10 , 64 bit Build 18362 (10.0.18362.1350)
Time: Mon Apr  5 12:25:45 2021 Paris, Madrid (heure d?été) elapsed time: 4 seconds (0d 0h 0m 4s)

---------------  T H R E A D  ---------------

Current thread (0x00000287e843e000):  VMThread "VM Thread" [stack: 0x00000095af100000,0x00000095af200000] [id=16760]

Stack: [0x00000095af100000,0x00000095af200000]
[error occurred during error reporting (printing stack bounds), id 0xc0000005, EXCEPTION_ACCESS_VIOLATION (0xc0000005) at pc=0x00000287d1b810ad]

Native frames: (J=compiled Java code, j=interpreted, Vv=VM code, C=native code)
V  [jvm.dll+0x5f8a9a]
V  [jvm.dll+0x74247a]
V  [jvm.dll+0x743c2f]
V  [jvm.dll+0x7441d5]
V  [jvm.dll+0x74418b]
V  [jvm.dll+0x5f7f6f]
V  [jvm.dll+0x5f8738]
C  [ntdll.dll+0xa1eef]
C  [ntdll.dll+0x6aad9]
C  [ntdll.dll+0xa0b5e]
C  0x00000287d1b810ad

VM_Operation (0x00000095aebfdad0): G1TryInitiateConcMark, mode: safepoint, requested by thread 0x00000287c93eb800


---------------  P R O C E S S  ---------------

Threads class SMR info:
_java_thread_list=0x00000287e947c980, length=15, elements={
0x00000287c93eb800, 0x00000287e8465000, 0x00000287e8466800, 0x00000287e8479000,
0x00000287e847c000, 0x00000287e8db0800, 0x00000287e8db2800, 0x00000287e8db9800,
0x00000287e8dbc800, 0x00000287e8424000, 0x00000287e8f7a800, 0x00000287e905b000,
0x00000287e91a2000, 0x00000287e9343800, 0x00000287e9690800
}

Java Threads: ( => current thread )
  0x00000287c93eb800 JavaThread "main" [_thread_blocked, id=17040, stack(0x00000095aeb00000,0x00000095aec00000)]
  0x00000287e8465000 JavaThread "Reference Handler" daemon [_thread_blocked, id=13912, stack(0x00000095af200000,0x00000095af300000)]
  0x00000287e8466800 JavaThread "Finalizer" daemon [_thread_blocked, id=14840, stack(0x00000095af300000,0x00000095af400000)]
  0x00000287e8479000 JavaThread "Signal Dispatcher" daemon [_thread_blocked, id=7600, stack(0x00000095af400000,0x00000095af500000)]
  0x00000287e847c000 JavaThread "Attach Listener" daemon [_thread_blocked, id=12484, stack(0x00000095af500000,0x00000095af600000)]
  0x00000287e8db0800 JavaThread "Service Thread" daemon [_thread_blocked, id=14204, stack(0x00000095af600000,0x00000095af700000)]
  0x00000287e8db2800 JavaThread "C2 CompilerThread0" daemon [_thread_blocked, id=9520, stack(0x00000095af700000,0x00000095af800000)]
  0x00000287e8db9800 JavaThread "C1 CompilerThread0" daemon [_thread_blocked, id=14160, stack(0x00000095af800000,0x00000095af900000)]
  0x00000287e8dbc800 JavaThread "Sweeper thread" daemon [_thread_blocked, id=16400, stack(0x00000095af900000,0x00000095afa00000)]
  0x00000287e8424000 JavaThread "Common-Cleaner" daemon [_thread_blocked, id=8540, stack(0x00000095afa00000,0x00000095afb00000)]
  0x00000287e8f7a800 JavaThread "Monitor Ctrl-Break" daemon [_thread_in_native, id=15488, stack(0x00000095afc00000,0x00000095afd00000)]
  0x00000287e905b000 JavaThread "Notification Thread" daemon [_thread_blocked, id=10320, stack(0x00000095afd00000,0x00000095afe00000)]
  0x00000287e91a2000 JavaThread "Java2D Disposer" daemon [_thread_blocked, id=15960, stack(0x00000095aff00000,0x00000095b0000000)]
  0x00000287e9343800 JavaThread "AWT-Windows" daemon [_thread_in_native, id=8496, stack(0x00000095b0100000,0x00000095b0200000)]
  0x00000287e9690800 JavaThread "AWT-Shutdown" [_thread_blocked, id=14424, stack(0x00000095afb00000,0x00000095afc00000)]

Other Threads:
=>0x00000287e843e000 VMThread "VM Thread" [stack: 0x00000095af100000,0x00000095af200000] [id=16760]
  0x00000287e905e000 WatcherThread [stack: 0x00000095afe00000,0x00000095aff00000] [id=13984]
  0x00000287c942a800 GCTaskThread "GC Thread#0" [stack: 0x00000095aec00000,0x00000095aed00000] [id=12176]
  0x00000287e9064000 GCTaskThread "GC Thread#1" [stack: 0x00000095b0200000,0x00000095b0300000] [id=13224]
  0x00000287e9458800 GCTaskThread "GC Thread#2" [stack: 0x00000095b0300000,0x00000095b0400000] [id=9672]
  0x00000287e9459000 GCTaskThread "GC Thread#3" [stack: 0x00000095b0400000,0x00000095b0500000] [id=1016]
  0x00000287e95fd000 GCTaskThread "GC Thread#4" [stack: 0x00000095b0500000,0x00000095b0600000] [id=12104]
  0x00000287e9601800 GCTaskThread "GC Thread#5" [stack: 0x00000095b0600000,0x00000095b0700000] [id=8616]
  0x00000287e9602000 GCTaskThread "GC Thread#6" [stack: 0x00000095b0700000,0x00000095b0800000] [id=17524]
  0x00000287c943b800 ConcurrentGCThread "G1 Main Marker" [stack: 0x00000095aed00000,0x00000095aee00000] [id=1804]
  0x00000287c943d800 ConcurrentGCThread "G1 Conc#0" [stack: 0x00000095aee00000,0x00000095aef00000] [id=18216]
  0x00000287e96d9800 ConcurrentGCThread "G1 Conc#1" [stack: 0x00000095b0000000,0x00000095b0100000] [id=13184]
  0x00000287e82ae800 ConcurrentGCThread "G1 Refine#0" [stack: 0x00000095aef00000,0x00000095af000000] [id=4304]
  0x00000287e82af000 ConcurrentGCThread "G1 Young RemSet Sampling" [stack: 0x00000095af000000,0x00000095af100000] [id=13956]

Threads with active compile tasks:

VM state:at safepoint (normal execution)

VM Mutex/Monitor currently owned by a thread:  ([mutex/lock_event])
[0x00000287c93e7d10] Threads_lock - owner thread: 0x00000287e843e000
[0x00000287c93e7e30] Heap_lock - owner thread: 0x00000287c93eb800

Heap address: 0x0000000081800000, size: 2024 MB, Compressed Oops mode: 32-bit
Narrow klass base: 0x0000000800000000, Narrow klass shift: 3
Compressed class space size: 1073741824 Address: 0x0000000800b30000

Heap:
 garbage-first heap   total 640000K, used 141622K [0x0000000081800000, 0x0000000100000000)
  region size 1024K, 1 young (1024K), 1 survivors (1024K)
 Metaspace       used 6320K, capacity 6613K, committed 6784K, reserved 1056768K
  class space    used 685K, capacity 807K, committed 896K, reserved 1048576K
Heap Regions: E=young(eden), S=young(survivor), O=old, HS=humongous(starts), HC=humongous(continues), CS=collection set, F=free, OA=open archive, CA=closed archive, TAMS=top-at-mark-start (previous, next)
|   0|0x0000000081800000, 0x0000000081900000, 0x0000000081900000|100%|HS|  |TAMS 0x0000000081900000, 0x0000000081900000| Complete 
|   1|0x0000000081900000, 0x0000000081a00000, 0x0000000081a00000|100%|HC|  |TAMS 0x0000000081a00000, 0x0000000081a00000| Complete 
|   2|0x0000000081a00000, 0x0000000081b00000, 0x0000000081b00000|100%|HC|  |TAMS 0x0000000081b00000, 0x0000000081b00000| Complete 
|   3|0x0000000081b00000, 0x0000000081c00000, 0x0000000081c00000|100%|HC|  |TAMS 0x0000000081c00000, 0x0000000081c00000| Complete 
|   4|0x0000000081c00000, 0x0000000081d00000, 0x0000000081d00000|100%|HC|  |TAMS 0x0000000081d00000, 0x0000000081d00000| Complete 
|   5|0x0000000081d00000, 0x0000000081e00000, 0x0000000081e00000|100%|HS|  |TAMS 0x0000000081e00000, 0x0000000081e00000| Complete 
|   6|0x0000000081e00000, 0x0000000081f00000, 0x0000000081f00000|100%|HC|  |TAMS 0x0000000081f00000, 0x0000000081f00000| Complete 
|   7|0x0000000081f00000, 0x0000000082000000, 0x0000000082000000|100%|HC|  |TAMS 0x0000000082000000, 0x0000000082000000| Complete 
|   8|0x0000000082000000, 0x0000000082100000, 0x0000000082100000|100%|HC|  |TAMS 0x0000000082100000, 0x0000000082100000| Complete 
|   9|0x0000000082100000, 0x0000000082200000, 0x0000000082200000|100%|HC|  |TAMS 0x0000000082200000, 0x0000000082200000| Complete 
|  10|0x0000000082200000, 0x0000000082300000, 0x0000000082300000|100%|HS|  |TAMS 0x0000000082300000, 0x0000000082300000| Complete 
|  11|0x0000000082300000, 0x0000000082400000, 0x0000000082400000|100%|HC|  |TAMS 0x0000000082400000, 0x0000000082400000| Complete 
|  12|0x0000000082400000, 0x0000000082500000, 0x0000000082500000|100%|HC|  |TAMS 0x0000000082500000, 0x0000000082500000| Complete 
|  13|0x0000000082500000, 0x0000000082600000, 0x0000000082600000|100%|HC|  |TAMS 0x0000000082600000, 0x0000000082600000| Complete 
|  14|0x0000000082600000, 0x0000000082700000, 0x0000000082700000|100%|HC|  |TAMS 0x0000000082700000, 0x0000000082700000| Complete 
|  15|0x0000000082700000, 0x0000000082800000, 0x0000000082800000|100%|HS|  |TAMS 0x0000000082800000, 0x0000000082800000| Complete 
|  16|0x0000000082800000, 0x0000000082900000, 0x0000000082900000|100%|HC|  |TAMS 0x0000000082900000, 0x0000000082900000| Complete 
|  17|0x0000000082900000, 0x0000000082a00000, 0x0000000082a00000|100%|HC|  |TAMS 0x0000000082a00000, 0x0000000082a00000| Complete 
|  18|0x0000000082a00000, 0x0000000082b00000, 0x0000000082b00000|100%|HC|  |TAMS 0x0000000082b00000, 0x0000000082b00000| Complete 
|  19|0x0000000082b00000, 0x0000000082c00000, 0x0000000082c00000|100%|HC|  |TAMS 0x0000000082c00000, 0x0000000082c00000| Complete 
|  20|0x0000000082c00000, 0x0000000082d00000, 0x0000000082d00000|100%|HS|  |TAMS 0x0000000082d00000, 0x0000000082d00000| Complete 
|  21|0x0000000082d00000, 0x0000000082e00000, 0x0000000082e00000|100%|HC|  |TAMS 0x0000000082e00000, 0x0000000082e00000| Complete 
|  22|0x0000000082e00000, 0x0000000082f00000, 0x0000000082f00000|100%|HC|  |TAMS 0x0000000082f00000, 0x0000000082f00000| Complete 
|  23|0x0000000082f00000, 0x0000000083000000, 0x0000000083000000|100%|HC|  |TAMS 0x0000000083000000, 0x0000000083000000| Complete 
|  24|0x0000000083000000, 0x0000000083100000, 0x0000000083100000|100%|HC|  |TAMS 0x0000000083100000, 0x0000000083100000| Complete 
|  25|0x0000000083100000, 0x0000000083200000, 0x0000000083200000|100%| O|  |TAMS 0x0000000083200000, 0x0000000083200000| Untracked 
|  26|0x0000000083200000, 0x0000000083300000, 0x0000000083300000|100%| O|  |TAMS 0x0000000083300000, 0x0000000083300000| Untracked 
|  27|0x0000000083300000, 0x0000000083400000, 0x0000000083400000|100%|HS|  |TAMS 0x0000000083400000, 0x0000000083400000| Complete 
|  28|0x0000000083400000, 0x0000000083500000, 0x0000000083500000|100%|HC|  |TAMS 0x0000000083500000, 0x0000000083500000| Complete 
|  29|0x0000000083500000, 0x0000000083600000, 0x0000000083600000|100%|HC|  |TAMS 0x0000000083600000, 0x0000000083600000| Complete 
|  30|0x0000000083600000, 0x0000000083626800, 0x0000000083700000| 15%| O|  |TAMS 0x0000000083626800, 0x0000000083626800| Untracked 
|  31|0x0000000083700000, 0x0000000083722000, 0x0000000083800000| 13%| O|  |TAMS 0x000000008370c200, 0x0000000083720600| Untracked 
|  32|0x0000000083800000, 0x0000000083800000, 0x0000000083900000|  0%| F|  |TAMS 0x0000000083800000, 0x0000000083800000| Untracked 
|  33|0x0000000083900000, 0x0000000083900000, 0x0000000083a00000|  0%| F|  |TAMS 0x0000000083900000, 0x0000000083900000| Untracked 
|  34|0x0000000083a00000, 0x0000000083b00000, 0x0000000083b00000|100%|HS|  |TAMS 0x0000000083b00000, 0x0000000083b00000| Complete 
|  35|0x0000000083b00000, 0x0000000083c00000, 0x0000000083c00000|100%|HS|  |TAMS 0x0000000083c00000, 0x0000000083c00000| Complete 
|  36|0x0000000083c00000, 0x0000000083d00000, 0x0000000083d00000|100%|HC|  |TAMS 0x0000000083d00000, 0x0000000083d00000| Complete 
|  37|0x0000000083d00000, 0x0000000083e00000, 0x0000000083e00000|100%|HC|  |TAMS 0x0000000083e00000, 0x0000000083e00000| Complete 
|  38|0x0000000083e00000, 0x0000000083f00000, 0x0000000083f00000|100%|HC|  |TAMS 0x0000000083f00000, 0x0000000083f00000| Complete 
|  39|0x0000000083f00000, 0x0000000084000000, 0x0000000084000000|100%|HC|  |TAMS 0x0000000084000000, 0x0000000084000000| Complete 
|  40|0x0000000084000000, 0x0000000084100000, 0x0000000084100000|100%|HS|  |TAMS 0x0000000084100000, 0x0000000084100000| Complete 
|  41|0x0000000084100000, 0x0000000084200000, 0x0000000084200000|100%|HC|  |TAMS 0x0000000084200000, 0x0000000084200000| Complete 
|  42|0x0000000084200000, 0x0000000084300000, 0x0000000084300000|100%|HC|  |TAMS 0x0000000084300000, 0x0000000084300000| Complete 
|  43|0x0000000084300000, 0x0000000084400000, 0x0000000084400000|100%|HC|  |TAMS 0x0000000084400000, 0x0000000084400000| Complete 
|  44|0x0000000084400000, 0x0000000084500000, 0x0000000084500000|100%|HC|  |TAMS 0x0000000084500000, 0x0000000084500000| Complete 
|  45|0x0000000084500000, 0x0000000084600000, 0x0000000084600000|100%|HS|  |TAMS 0x0000000084600000, 0x0000000084600000| Complete 
|  46|0x0000000084600000, 0x0000000084700000, 0x0000000084700000|100%|HC|  |TAMS 0x0000000084700000, 0x0000000084700000| Complete 
|  47|0x0000000084700000, 0x0000000084800000, 0x0000000084800000|100%|HC|  |TAMS 0x0000000084800000, 0x0000000084800000| Complete 
|  48|0x0000000084800000, 0x0000000084900000, 0x0000000084900000|100%|HC|  |TAMS 0x0000000084900000, 0x0000000084900000| Complete 
|  49|0x0000000084900000, 0x0000000084a00000, 0x0000000084a00000|100%|HC|  |TAMS 0x0000000084a00000, 0x0000000084a00000| Complete 
|  50|0x0000000084a00000, 0x0000000084b00000, 0x0000000084b00000|100%|HS|  |TAMS 0x0000000084b00000, 0x0000000084b00000| Complete 
|  51|0x0000000084b00000, 0x0000000084c00000, 0x0000000084c00000|100%|HC|  |TAMS 0x0000000084c00000, 0x0000000084c00000| Complete 
|  52|0x0000000084c00000, 0x0000000084d00000, 0x0000000084d00000|100%|HC|  |TAMS 0x0000000084d00000, 0x0000000084d00000| Complete 
|  53|0x0000000084d00000, 0x0000000084e00000, 0x0000000084e00000|100%|HC|  |TAMS 0x0000000084e00000, 0x0000000084e00000| Complete 
|  54|0x0000000084e00000, 0x0000000084f00000, 0x0000000084f00000|100%|HC|  |TAMS 0x0000000084f00000, 0x0000000084f00000| Complete 
|  55|0x0000000084f00000, 0x0000000085000000, 0x0000000085000000|100%|HS|  |TAMS 0x0000000085000000, 0x0000000085000000| Complete 
|  56|0x0000000085000000, 0x0000000085100000, 0x0000000085100000|100%|HC|  |TAMS 0x0000000085100000, 0x0000000085100000| Complete 
|  57|0x0000000085100000, 0x0000000085200000, 0x0000000085200000|100%|HC|  |TAMS 0x0000000085200000, 0x0000000085200000| Complete 
|  58|0x0000000085200000, 0x0000000085300000, 0x0000000085300000|100%|HC|  |TAMS 0x0000000085300000, 0x0000000085300000| Complete 
|  59|0x0000000085300000, 0x0000000085400000, 0x0000000085400000|100%|HC|  |TAMS 0x0000000085400000, 0x0000000085400000| Complete 
|  60|0x0000000085400000, 0x0000000085400000, 0x0000000085500000|  0%| F|  |TAMS 0x0000000085400000, 0x0000000085400000| Untracked 
|  61|0x0000000085500000, 0x0000000085500000, 0x0000000085600000|  0%| F|  |TAMS 0x0000000085500000, 0x0000000085500000| Untracked 
|  62|0x0000000085600000, 0x0000000085600000, 0x0000000085700000|  0%| F|  |TAMS 0x0000000085600000, 0x0000000085600000| Untracked 
|  63|0x0000000085700000, 0x0000000085700000, 0x0000000085800000|  0%| F|  |TAMS 0x0000000085700000, 0x0000000085700000| Untracked 
|  64|0x0000000085800000, 0x0000000085800000, 0x0000000085900000|  0%| F|  |TAMS 0x0000000085800000, 0x0000000085800000| Untracked 
|  65|0x0000000085900000, 0x0000000085900000, 0x0000000085a00000|  0%| F|  |TAMS 0x0000000085900000, 0x0000000085900000| Untracked 
|  66|0x0000000085a00000, 0x0000000085a00000, 0x0000000085b00000|  0%| F|  |TAMS 0x0000000085a00000, 0x0000000085a00000| Untracked 
|  67|0x0000000085b00000, 0x0000000085b00000, 0x0000000085c00000|  0%| F|  |TAMS 0x0000000085b00000, 0x0000000085b00000| Untracked 
|  68|0x0000000085c00000, 0x0000000085c00000, 0x0000000085d00000|  0%| F|  |TAMS 0x0000000085c00000, 0x0000000085c00000| Untracked 
|  69|0x0000000085d00000, 0x0000000085d00000, 0x0000000085e00000|  0%| F|  |TAMS 0x0000000085d00000, 0x0000000085d00000| Untracked 
|  70|0x0000000085e00000, 0x0000000085f00000, 0x0000000085f00000|100%|HS|  |TAMS 0x0000000085f00000, 0x0000000085f00000| Complete 
|  71|0x0000000085f00000, 0x0000000086000000, 0x0000000086000000|100%|HC|  |TAMS 0x0000000086000000, 0x0000000086000000| Complete 
|  72|0x0000000086000000, 0x0000000086100000, 0x0000000086100000|100%|HC|  |TAMS 0x0000000086100000, 0x0000000086100000| Complete 
|  73|0x0000000086100000, 0x0000000086200000, 0x0000000086200000|100%|HC|  |TAMS 0x0000000086200000, 0x0000000086200000| Complete 
|  74|0x0000000086200000, 0x0000000086300000, 0x0000000086300000|100%|HC|  |TAMS 0x0000000086300000, 0x0000000086300000| Complete 
|  75|0x0000000086300000, 0x0000000086400000, 0x0000000086400000|100%|HS|  |TAMS 0x0000000086400000, 0x0000000086400000| Complete 
|  76|0x0000000086400000, 0x0000000086500000, 0x0000000086500000|100%|HC|  |TAMS 0x0000000086500000, 0x0000000086500000| Complete 
|  77|0x0000000086500000, 0x0000000086600000, 0x0000000086600000|100%|HC|  |TAMS 0x0000000086600000, 0x0000000086600000| Complete 
|  78|0x0000000086600000, 0x0000000086700000, 0x0000000086700000|100%|HC|  |TAMS 0x0000000086700000, 0x0000000086700000| Complete 
|  79|0x0000000086700000, 0x0000000086800000, 0x0000000086800000|100%|HC|  |TAMS 0x0000000086800000, 0x0000000086800000| Complete 
|  80|0x0000000086800000, 0x0000000086900000, 0x0000000086900000|100%|HS|  |TAMS 0x0000000086900000, 0x0000000086900000| Complete 
|  81|0x0000000086900000, 0x0000000086a00000, 0x0000000086a00000|100%|HC|  |TAMS 0x0000000086a00000, 0x0000000086a00000| Complete 
|  82|0x0000000086a00000, 0x0000000086b00000, 0x0000000086b00000|100%|HC|  |TAMS 0x0000000086b00000, 0x0000000086b00000| Complete 
|  83|0x0000000086b00000, 0x0000000086c00000, 0x0000000086c00000|100%|HC|  |TAMS 0x0000000086c00000, 0x0000000086c00000| Complete 
|  84|0x0000000086c00000, 0x0000000086d00000, 0x0000000086d00000|100%|HC|  |TAMS 0x0000000086d00000, 0x0000000086d00000| Complete 
|  85|0x0000000086d00000, 0x0000000086e00000, 0x0000000086e00000|100%|HS|  |TAMS 0x0000000086e00000, 0x0000000086e00000| Complete 
|  86|0x0000000086e00000, 0x0000000086f00000, 0x0000000086f00000|100%|HC|  |TAMS 0x0000000086f00000, 0x0000000086f00000| Complete 
|  87|0x0000000086f00000, 0x0000000087000000, 0x0000000087000000|100%|HC|  |TAMS 0x0000000087000000, 0x0000000087000000| Complete 
|  88|0x0000000087000000, 0x0000000087100000, 0x0000000087100000|100%|HC|  |TAMS 0x0000000087100000, 0x0000000087100000| Complete 
|  89|0x0000000087100000, 0x0000000087200000, 0x0000000087200000|100%|HC|  |TAMS 0x0000000087200000, 0x0000000087200000| Complete 
|  90|0x0000000087200000, 0x0000000087300000, 0x0000000087300000|100%|HS|  |TAMS 0x0000000087300000, 0x0000000087300000| Complete 
|  91|0x0000000087300000, 0x0000000087400000, 0x0000000087400000|100%|HC|  |TAMS 0x0000000087400000, 0x0000000087400000| Complete 
|  92|0x0000000087400000, 0x0000000087500000, 0x0000000087500000|100%|HC|  |TAMS 0x0000000087500000, 0x0000000087500000| Complete 
|  93|0x0000000087500000, 0x0000000087600000, 0x0000000087600000|100%|HC|  |TAMS 0x0000000087600000, 0x0000000087600000| Complete 
|  94|0x0000000087600000, 0x0000000087700000, 0x0000000087700000|100%|HC|  |TAMS 0x0000000087700000, 0x0000000087700000| Complete 
|  95|0x0000000087700000, 0x0000000087800000, 0x0000000087800000|100%|HS|  |TAMS 0x0000000087700000, 0x0000000087800000| Complete 
|  96|0x0000000087800000, 0x0000000087900000, 0x0000000087900000|100%|HC|  |TAMS 0x0000000087800000, 0x0000000087900000| Complete 
|  97|0x0000000087900000, 0x0000000087a00000, 0x0000000087a00000|100%|HC|  |TAMS 0x0000000087900000, 0x0000000087a00000| Complete 
|  98|0x0000000087a00000, 0x0000000087b00000, 0x0000000087b00000|100%|HC|  |TAMS 0x0000000087a00000, 0x0000000087b00000| Complete 
|  99|0x0000000087b00000, 0x0000000087c00000, 0x0000000087c00000|100%|HC|  |TAMS 0x0000000087b00000, 0x0000000087c00000| Complete 
| 100|0x0000000087c00000, 0x0000000087d00000, 0x0000000087d00000|100%|HS|  |TAMS 0x0000000087d00000, 0x0000000087d00000| Complete 
| 101|0x0000000087d00000, 0x0000000087e00000, 0x0000000087e00000|100%|HC|  |TAMS 0x0000000087e00000, 0x0000000087e00000| Complete 
| 102|0x0000000087e00000, 0x0000000087f00000, 0x0000000087f00000|100%|HC|  |TAMS 0x0000000087f00000, 0x0000000087f00000| Complete 
| 103|0x0000000087f00000, 0x0000000088000000, 0x0000000088000000|100%|HC|  |TAMS 0x0000000088000000, 0x0000000088000000| Complete 
| 104|0x0000000088000000, 0x0000000088100000, 0x0000000088100000|100%|HC|  |TAMS 0x0000000088100000, 0x0000000088100000| Complete 
| 105|0x0000000088100000, 0x0000000088200000, 0x0000000088200000|100%|HS|  |TAMS 0x0000000088100000, 0x0000000088200000| Complete 
| 106|0x0000000088200000, 0x0000000088300000, 0x0000000088300000|100%|HC|  |TAMS 0x0000000088200000, 0x0000000088300000| Complete 
| 107|0x0000000088300000, 0x0000000088400000, 0x0000000088400000|100%|HC|  |TAMS 0x0000000088300000, 0x0000000088400000| Complete 
| 108|0x0000000088400000, 0x0000000088500000, 0x0000000088500000|100%|HC|  |TAMS 0x0000000088400000, 0x0000000088500000| Complete 
| 109|0x0000000088500000, 0x0000000088600000, 0x0000000088600000|100%|HC|  |TAMS 0x0000000088500000, 0x0000000088600000| Complete 
| 110|0x0000000088600000, 0x0000000088700000, 0x0000000088700000|100%|HS|  |TAMS 0x0000000088700000, 0x0000000088700000| Complete 
| 111|0x0000000088700000, 0x0000000088800000, 0x0000000088800000|100%|HC|  |TAMS 0x0000000088800000, 0x0000000088800000| Complete 
| 112|0x0000000088800000, 0x0000000088900000, 0x0000000088900000|100%|HC|  |TAMS 0x0000000088900000, 0x0000000088900000| Complete 
| 113|0x0000000088900000, 0x0000000088a00000, 0x0000000088a00000|100%|HC|  |TAMS 0x0000000088a00000, 0x0000000088a00000| Complete 
| 114|0x0000000088a00000, 0x0000000088b00000, 0x0000000088b00000|100%|HC|  |TAMS 0x0000000088b00000, 0x0000000088b00000| Complete 
| 115|0x0000000088b00000, 0x0000000088b00000, 0x0000000088c00000|  0%| F|  |TAMS 0x0000000088b00000, 0x0000000088b00000| Untracked 
| 116|0x0000000088c00000, 0x0000000088c00000, 0x0000000088d00000|  0%| F|  |TAMS 0x0000000088c00000, 0x0000000088c00000| Untracked 
| 117|0x0000000088d00000, 0x0000000088d00000, 0x0000000088e00000|  0%| F|  |TAMS 0x0000000088d00000, 0x0000000088d00000| Untracked 
| 118|0x0000000088e00000, 0x0000000088e00000, 0x0000000088f00000|  0%| F|  |TAMS 0x0000000088e00000, 0x0000000088e00000| Untracked 
| 119|0x0000000088f00000, 0x0000000088f00000, 0x0000000089000000|  0%| F|  |TAMS 0x0000000088f00000, 0x0000000088f00000| Untracked 
| 120|0x0000000089000000, 0x0000000089100000, 0x0000000089100000|100%|HS|  |TAMS 0x0000000089000000, 0x0000000089100000| Complete 
| 121|0x0000000089100000, 0x0000000089200000, 0x0000000089200000|100%|HC|  |TAMS 0x0000000089100000, 0x0000000089200000| Complete 
| 122|0x0000000089200000, 0x0000000089300000, 0x0000000089300000|100%|HC|  |TAMS 0x0000000089200000, 0x0000000089300000| Complete 
| 123|0x0000000089300000, 0x0000000089400000, 0x0000000089400000|100%|HC|  |TAMS 0x0000000089300000, 0x0000000089400000| Complete 
| 124|0x0000000089400000, 0x0000000089500000, 0x0000000089500000|100%|HC|  |TAMS 0x0000000089400000, 0x0000000089500000| Complete 
| 125|0x0000000089500000, 0x0000000089500000, 0x0000000089600000|  0%| F|  |TAMS 0x0000000089500000, 0x0000000089500000| Untracked 
| 126|0x0000000089600000, 0x0000000089600000, 0x0000000089700000|  0%| F|  |TAMS 0x0000000089600000, 0x0000000089600000| Untracked 
| 127|0x0000000089700000, 0x0000000089700000, 0x0000000089800000|  0%| F|  |TAMS 0x0000000089700000, 0x0000000089700000| Untracked 
| 128|0x0000000089800000, 0x0000000089900000, 0x0000000089900000|100%|HS|  |TAMS 0x0000000089900000, 0x0000000089900000| Complete 
| 129|0x0000000089900000, 0x0000000089a00000, 0x0000000089a00000|100%|HC|  |TAMS 0x0000000089a00000, 0x0000000089a00000| Complete 
| 130|0x0000000089a00000, 0x0000000089b00000, 0x0000000089b00000|100%|HC|  |TAMS 0x0000000089b00000, 0x0000000089b00000| Complete 
| 131|0x0000000089b00000, 0x0000000089c00000, 0x0000000089c00000|100%|HC|  |TAMS 0x0000000089c00000, 0x0000000089c00000| Complete 
| 132|0x0000000089c00000, 0x0000000089d00000, 0x0000000089d00000|100%|HC|  |TAMS 0x0000000089d00000, 0x0000000089d00000| Complete 
| 133|0x0000000089d00000, 0x0000000089e00000, 0x0000000089e00000|100%|HC|  |TAMS 0x0000000089e00000, 0x0000000089e00000| Complete 
| 134|0x0000000089e00000, 0x0000000089f00000, 0x0000000089f00000|100%|HC|  |TAMS 0x0000000089f00000, 0x0000000089f00000| Complete 
| 135|0x0000000089f00000, 0x000000008a000000, 0x000000008a000000|100%|HC|  |TAMS 0x000000008a000000, 0x000000008a000000| Complete 
| 136|0x000000008a000000, 0x000000008a100000, 0x000000008a100000|100%|HC|  |TAMS 0x000000008a100000, 0x000000008a100000| Complete 
| 137|0x000000008a100000, 0x000000008a200000, 0x000000008a200000|100%|HC|  |TAMS 0x000000008a200000, 0x000000008a200000| Complete 
| 138|0x000000008a200000, 0x000000008a300000, 0x000000008a300000|100%|HC|  |TAMS 0x000000008a300000, 0x000000008a300000| Complete 
| 139|0x000000008a300000, 0x000000008a400000, 0x000000008a400000|100%|HC|  |TAMS 0x000000008a400000, 0x000000008a400000| Complete 
| 140|0x000000008a400000, 0x000000008a500000, 0x000000008a500000|100%|HC|  |TAMS 0x000000008a500000, 0x000000008a500000| Complete 
| 141|0x000000008a500000, 0x000000008a600000, 0x000000008a600000|100%|HC|  |TAMS 0x000000008a600000, 0x000000008a600000| Complete 
| 142|0x000000008a600000, 0x000000008a700000, 0x000000008a700000|100%|HC|  |TAMS 0x000000008a700000, 0x000000008a700000| Complete 
| 143|0x000000008a700000, 0x000000008a800000, 0x000000008a800000|100%|HC|  |TAMS 0x000000008a800000, 0x000000008a800000| Complete 
| 144|0x000000008a800000, 0x000000008a900000, 0x000000008a900000|100%|HC|  |TAMS 0x000000008a900000, 0x000000008a900000| Complete 
| 145|0x000000008a900000, 0x000000008aa00000, 0x000000008aa00000|100%|HC|  |TAMS 0x000000008aa00000, 0x000000008aa00000| Complete 
| 146|0x000000008aa00000, 0x000000008ab00000, 0x000000008ab00000|100%|HC|  |TAMS 0x000000008ab00000, 0x000000008ab00000| Complete 
| 147|0x000000008ab00000, 0x000000008ac00000, 0x000000008ac00000|100%|HC|  |TAMS 0x000000008ac00000, 0x000000008ac00000| Complete 
| 148|0x000000008ac00000, 0x000000008ad00000, 0x000000008ad00000|100%|HC|  |TAMS 0x000000008ad00000, 0x000000008ad00000| Complete 
| 149|0x000000008ad00000, 0x000000008ae00000, 0x000000008ae00000|100%|HC|  |TAMS 0x000000008ae00000, 0x000000008ae00000| Complete 
| 150|0x000000008ae00000, 0x000000008af00000, 0x000000008af00000|100%|HC|  |TAMS 0x000000008af00000, 0x000000008af00000| Complete 
| 151|0x000000008af00000, 0x000000008b000000, 0x000000008b000000|100%|HC|  |TAMS 0x000000008b000000, 0x000000008b000000| Complete 
| 152|0x000000008b000000, 0x000000008b100000, 0x000000008b100000|100%|HC|  |TAMS 0x000000008b100000, 0x000000008b100000| Complete 
| 153|0x000000008b100000, 0x000000008b200000, 0x000000008b200000|100%|HC|  |TAMS 0x000000008b200000, 0x000000008b200000| Complete 
| 154|0x000000008b200000, 0x000000008b300000, 0x000000008b300000|100%|HC|  |TAMS 0x000000008b300000, 0x000000008b300000| Complete 
| 155|0x000000008b300000, 0x000000008b400000, 0x000000008b400000|100%|HC|  |TAMS 0x000000008b400000, 0x000000008b400000| Complete 
| 156|0x000000008b400000, 0x000000008b500000, 0x000000008b500000|100%|HC|  |TAMS 0x000000008b500000, 0x000000008b500000| Complete 
| 157|0x000000008b500000, 0x000000008b600000, 0x000000008b600000|100%|HC|  |TAMS 0x000000008b600000, 0x000000008b600000| Complete 
| 158|0x000000008b600000, 0x000000008b700000, 0x000000008b700000|100%|HC|  |TAMS 0x000000008b700000, 0x000000008b700000| Complete 
| 159|0x000000008b700000, 0x000000008b800000, 0x000000008b800000|100%|HC|  |TAMS 0x000000008b800000, 0x000000008b800000| Complete 
| 160|0x000000008b800000, 0x000000008b800000, 0x000000008b900000|  0%| F|  |TAMS 0x000000008b800000, 0x000000008b800000| Untracked 
| 161|0x000000008b900000, 0x000000008b900000, 0x000000008ba00000|  0%| F|  |TAMS 0x000000008b900000, 0x000000008b900000| Untracked 
| 162|0x000000008ba00000, 0x000000008ba00000, 0x000000008bb00000|  0%| F|  |TAMS 0x000000008ba00000, 0x000000008ba00000| Untracked 
| 163|0x000000008bb00000, 0x000000008bb00000, 0x000000008bc00000|  0%| F|  |TAMS 0x000000008bb00000, 0x000000008bb00000| Untracked 
| 164|0x000000008bc00000, 0x000000008bc00000, 0x000000008bd00000|  0%| F|  |TAMS 0x000000008bc00000, 0x000000008bc00000| Untracked 
| 165|0x000000008bd00000, 0x000000008bd00000, 0x000000008be00000|  0%| F|  |TAMS 0x000000008bd00000, 0x000000008bd00000| Untracked 
| 166|0x000000008be00000, 0x000000008be00000, 0x000000008bf00000|  0%| F|  |TAMS 0x000000008be00000, 0x000000008be00000| Untracked 
| 167|0x000000008bf00000, 0x000000008bf00000, 0x000000008c000000|  0%| F|  |TAMS 0x000000008bf00000, 0x000000008bf00000| Untracked 
| 168|0x000000008c000000, 0x000000008c000000, 0x000000008c100000|  0%| F|  |TAMS 0x000000008c000000, 0x000000008c000000| Untracked 
| 169|0x000000008c100000, 0x000000008c100000, 0x000000008c200000|  0%| F|  |TAMS 0x000000008c100000, 0x000000008c100000| Untracked 
| 170|0x000000008c200000, 0x000000008c200000, 0x000000008c300000|  0%| F|  |TAMS 0x000000008c200000, 0x000000008c200000| Untracked 
| 171|0x000000008c300000, 0x000000008c300000, 0x000000008c400000|  0%| F|  |TAMS 0x000000008c300000, 0x000000008c300000| Untracked 
| 172|0x000000008c400000, 0x000000008c400000, 0x000000008c500000|  0%| F|  |TAMS 0x000000008c400000, 0x000000008c400000| Untracked 
| 173|0x000000008c500000, 0x000000008c500000, 0x000000008c600000|  0%| F|  |TAMS 0x000000008c500000, 0x000000008c500000| Untracked 
| 174|0x000000008c600000, 0x000000008c600000, 0x000000008c700000|  0%| F|  |TAMS 0x000000008c600000, 0x000000008c600000| Untracked 
| 175|0x000000008c700000, 0x000000008c700000, 0x000000008c800000|  0%| F|  |TAMS 0x000000008c700000, 0x000000008c700000| Untracked 
| 176|0x000000008c800000, 0x000000008c800000, 0x000000008c900000|  0%| F|  |TAMS 0x000000008c800000, 0x000000008c800000| Untracked 
| 177|0x000000008c900000, 0x000000008c900000, 0x000000008ca00000|  0%| F|  |TAMS 0x000000008c900000, 0x000000008c900000| Untracked 
| 178|0x000000008ca00000, 0x000000008ca00000, 0x000000008cb00000|  0%| F|  |TAMS 0x000000008ca00000, 0x000000008ca00000| Untracked 
| 179|0x000000008cb00000, 0x000000008cb00000, 0x000000008cc00000|  0%| F|  |TAMS 0x000000008cb00000, 0x000000008cb00000| Untracked 
| 180|0x000000008cc00000, 0x000000008cc00000, 0x000000008cd00000|  0%| F|  |TAMS 0x000000008cc00000, 0x000000008cc00000| Untracked 
| 181|0x000000008cd00000, 0x000000008cd00000, 0x000000008ce00000|  0%| F|  |TAMS 0x000000008cd00000, 0x000000008cd00000| Untracked 
| 182|0x000000008ce00000, 0x000000008ce00000, 0x000000008cf00000|  0%| F|  |TAMS 0x000000008ce00000, 0x000000008ce00000| Untracked 
| 183|0x000000008cf00000, 0x000000008cf00000, 0x000000008d000000|  0%| F|  |TAMS 0x000000008cf00000, 0x000000008cf00000| Untracked 
| 184|0x000000008d000000, 0x000000008d000000, 0x000000008d100000|  0%| F|  |TAMS 0x000000008d000000, 0x000000008d000000| Untracked 
| 185|0x000000008d100000, 0x000000008d100000, 0x000000008d200000|  0%| F|  |TAMS 0x000000008d100000, 0x000000008d100000| Untracked 
| 186|0x000000008d200000, 0x000000008d200000, 0x000000008d300000|  0%| F|  |TAMS 0x000000008d200000, 0x000000008d200000| Untracked 
| 187|0x000000008d300000, 0x000000008d300000, 0x000000008d400000|  0%| F|  |TAMS 0x000000008d300000, 0x000000008d300000| Untracked 
| 188|0x000000008d400000, 0x000000008d400000, 0x000000008d500000|  0%| F|  |TAMS 0x000000008d400000, 0x000000008d400000| Untracked 
| 189|0x000000008d500000, 0x000000008d500000, 0x000000008d600000|  0%| F|  |TAMS 0x000000008d500000, 0x000000008d500000| Untracked 
| 190|0x000000008d600000, 0x000000008d600000, 0x000000008d700000|  0%| F|  |TAMS 0x000000008d600000, 0x000000008d600000| Untracked 
| 191|0x000000008d700000, 0x000000008d700000, 0x000000008d800000|  0%| F|  |TAMS 0x000000008d700000, 0x000000008d700000| Untracked 
| 192|0x000000008d800000, 0x000000008d800000, 0x000000008d900000|  0%| F|  |TAMS 0x000000008d800000, 0x000000008d800000| Untracked 
| 193|0x000000008d900000, 0x000000008d900000, 0x000000008da00000|  0%| F|  |TAMS 0x000000008d900000, 0x000000008d900000| Untracked 
| 194|0x000000008da00000, 0x000000008da00000, 0x000000008db00000|  0%| F|  |TAMS 0x000000008da00000, 0x000000008da00000| Untracked 
| 195|0x000000008db00000, 0x000000008db00000, 0x000000008dc00000|  0%| F|  |TAMS 0x000000008db00000, 0x000000008db00000| Untracked 
| 196|0x000000008dc00000, 0x000000008dc00000, 0x000000008dd00000|  0%| F|  |TAMS 0x000000008dc00000, 0x000000008dc00000| Untracked 
| 197|0x000000008dd00000, 0x000000008dd00000, 0x000000008de00000|  0%| F|  |TAMS 0x000000008dd00000, 0x000000008dd00000| Untracked 
| 198|0x000000008de00000, 0x000000008de00000, 0x000000008df00000|  0%| F|  |TAMS 0x000000008de00000, 0x000000008de00000| Untracked 
| 199|0x000000008df00000, 0x000000008df00000, 0x000000008e000000|  0%| F|  |TAMS 0x000000008df00000, 0x000000008df00000| Untracked 
| 200|0x000000008e000000, 0x000000008e000000, 0x000000008e100000|  0%| F|  |TAMS 0x000000008e000000, 0x000000008e000000| Untracked 
| 201|0x000000008e100000, 0x000000008e100000, 0x000000008e200000|  0%| F|  |TAMS 0x000000008e100000, 0x000000008e100000| Untracked 
| 202|0x000000008e200000, 0x000000008e200000, 0x000000008e300000|  0%| F|  |TAMS 0x000000008e200000, 0x000000008e200000| Untracked 
| 203|0x000000008e300000, 0x000000008e300000, 0x000000008e400000|  0%| F|  |TAMS 0x000000008e300000, 0x000000008e300000| Untracked 
| 204|0x000000008e400000, 0x000000008e400000, 0x000000008e500000|  0%| F|  |TAMS 0x000000008e400000, 0x000000008e400000| Untracked 
| 205|0x000000008e500000, 0x000000008e500000, 0x000000008e600000|  0%| F|  |TAMS 0x000000008e500000, 0x000000008e500000| Untracked 
| 206|0x000000008e600000, 0x000000008e600000, 0x000000008e700000|  0%| F|  |TAMS 0x000000008e600000, 0x000000008e600000| Untracked 
| 207|0x000000008e700000, 0x000000008e700000, 0x000000008e800000|  0%| F|  |TAMS 0x000000008e700000, 0x000000008e700000| Untracked 
| 208|0x000000008e800000, 0x000000008e800000, 0x000000008e900000|  0%| F|  |TAMS 0x000000008e800000, 0x000000008e800000| Untracked 
| 209|0x000000008e900000, 0x000000008e900000, 0x000000008ea00000|  0%| F|  |TAMS 0x000000008e900000, 0x000000008e900000| Untracked 
| 210|0x000000008ea00000, 0x000000008ea00000, 0x000000008eb00000|  0%| F|  |TAMS 0x000000008ea00000, 0x000000008ea00000| Untracked 
| 211|0x000000008eb00000, 0x000000008eb00000, 0x000000008ec00000|  0%| F|  |TAMS 0x000000008eb00000, 0x000000008eb00000| Untracked 
| 212|0x000000008ec00000, 0x000000008ec00000, 0x000000008ed00000|  0%| F|  |TAMS 0x000000008ec00000, 0x000000008ec00000| Untracked 
| 213|0x000000008ed00000, 0x000000008ed00000, 0x000000008ee00000|  0%| F|  |TAMS 0x000000008ed00000, 0x000000008ed00000| Untracked 
| 214|0x000000008ee00000, 0x000000008ee00000, 0x000000008ef00000|  0%| F|  |TAMS 0x000000008ee00000, 0x000000008ee00000| Untracked 
| 215|0x000000008ef00000, 0x000000008ef00000, 0x000000008f000000|  0%| F|  |TAMS 0x000000008ef00000, 0x000000008ef00000| Untracked 
| 216|0x000000008f000000, 0x000000008f000000, 0x000000008f100000|  0%| F|  |TAMS 0x000000008f000000, 0x000000008f000000| Untracked 
| 217|0x000000008f100000, 0x000000008f100000, 0x000000008f200000|  0%| F|  |TAMS 0x000000008f100000, 0x000000008f100000| Untracked 
| 218|0x000000008f200000, 0x000000008f200000, 0x000000008f300000|  0%| F|  |TAMS 0x000000008f200000, 0x000000008f200000| Untracked 
| 219|0x000000008f300000, 0x000000008f300000, 0x000000008f400000|  0%| F|  |TAMS 0x000000008f300000, 0x000000008f300000| Untracked 
| 220|0x000000008f400000, 0x000000008f400000, 0x000000008f500000|  0%| F|  |TAMS 0x000000008f400000, 0x000000008f400000| Untracked 
| 221|0x000000008f500000, 0x000000008f500000, 0x000000008f600000|  0%| F|  |TAMS 0x000000008f500000, 0x000000008f500000| Untracked 
| 222|0x000000008f600000, 0x000000008f600000, 0x000000008f700000|  0%| F|  |TAMS 0x000000008f600000, 0x000000008f600000| Untracked 
| 223|0x000000008f700000, 0x000000008f700000, 0x000000008f800000|  0%| F|  |TAMS 0x000000008f700000, 0x000000008f700000| Untracked 
| 224|0x000000008f800000, 0x000000008f800000, 0x000000008f900000|  0%| F|  |TAMS 0x000000008f800000, 0x000000008f800000| Untracked 
| 225|0x000000008f900000, 0x000000008f900000, 0x000000008fa00000|  0%| F|  |TAMS 0x000000008f900000, 0x000000008f900000| Untracked 
| 226|0x000000008fa00000, 0x000000008fa00000, 0x000000008fb00000|  0%| F|  |TAMS 0x000000008fa00000, 0x000000008fa00000| Untracked 
| 227|0x000000008fb00000, 0x000000008fb00000, 0x000000008fc00000|  0%| F|  |TAMS 0x000000008fb00000, 0x000000008fb00000| Untracked 
| 228|0x000000008fc00000, 0x000000008fc00000, 0x000000008fd00000|  0%| F|  |TAMS 0x000000008fc00000, 0x000000008fc00000| Untracked 
| 229|0x000000008fd00000, 0x000000008fd00000, 0x000000008fe00000|  0%| F|  |TAMS 0x000000008fd00000, 0x000000008fd00000| Untracked 
| 230|0x000000008fe00000, 0x000000008fe00000, 0x000000008ff00000|  0%| F|  |TAMS 0x000000008fe00000, 0x000000008fe00000| Untracked 
| 231|0x000000008ff00000, 0x000000008ff00000, 0x0000000090000000|  0%| F|  |TAMS 0x000000008ff00000, 0x000000008ff00000| Untracked 
| 232|0x0000000090000000, 0x0000000090000000, 0x0000000090100000|  0%| F|  |TAMS 0x0000000090000000, 0x0000000090000000| Untracked 
| 233|0x0000000090100000, 0x0000000090100000, 0x0000000090200000|  0%| F|  |TAMS 0x0000000090100000, 0x0000000090100000| Untracked 
| 234|0x0000000090200000, 0x0000000090200000, 0x0000000090300000|  0%| F|  |TAMS 0x0000000090200000, 0x0000000090200000| Untracked 
| 235|0x0000000090300000, 0x0000000090300000, 0x0000000090400000|  0%| F|  |TAMS 0x0000000090300000, 0x0000000090300000| Untracked 
| 236|0x0000000090400000, 0x0000000090400000, 0x0000000090500000|  0%| F|  |TAMS 0x0000000090400000, 0x0000000090400000| Untracked 
| 237|0x0000000090500000, 0x0000000090500000, 0x0000000090600000|  0%| F|  |TAMS 0x0000000090500000, 0x0000000090500000| Untracked 
| 238|0x0000000090600000, 0x0000000090600000, 0x0000000090700000|  0%| F|  |TAMS 0x0000000090600000, 0x0000000090600000| Untracked 
| 239|0x0000000090700000, 0x0000000090700000, 0x0000000090800000|  0%| F|  |TAMS 0x0000000090700000, 0x0000000090700000| Untracked 
| 240|0x0000000090800000, 0x0000000090800000, 0x0000000090900000|  0%| F|  |TAMS 0x0000000090800000, 0x0000000090800000| Untracked 
| 241|0x0000000090900000, 0x0000000090900000, 0x0000000090a00000|  0%| F|  |TAMS 0x0000000090900000, 0x0000000090900000| Untracked 
| 242|0x0000000090a00000, 0x0000000090a00000, 0x0000000090b00000|  0%| F|  |TAMS 0x0000000090a00000, 0x0000000090a00000| Untracked 
| 243|0x0000000090b00000, 0x0000000090b00000, 0x0000000090c00000|  0%| F|  |TAMS 0x0000000090b00000, 0x0000000090b00000| Untracked 
| 244|0x0000000090c00000, 0x0000000090c00000, 0x0000000090d00000|  0%| F|  |TAMS 0x0000000090c00000, 0x0000000090c00000| Untracked 
| 245|0x0000000090d00000, 0x0000000090d00000, 0x0000000090e00000|  0%| F|  |TAMS 0x0000000090d00000, 0x0000000090d00000| Untracked 
| 246|0x0000000090e00000, 0x0000000090e00000, 0x0000000090f00000|  0%| F|  |TAMS 0x0000000090e00000, 0x0000000090e00000| Untracked 
| 247|0x0000000090f00000, 0x0000000090f00000, 0x0000000091000000|  0%| F|  |TAMS 0x0000000090f00000, 0x0000000090f00000| Untracked 
| 248|0x0000000091000000, 0x0000000091000000, 0x0000000091100000|  0%| F|  |TAMS 0x0000000091000000, 0x0000000091000000| Untracked 
| 249|0x0000000091100000, 0x0000000091100000, 0x0000000091200000|  0%| F|  |TAMS 0x0000000091100000, 0x0000000091100000| Untracked 
| 250|0x0000000091200000, 0x0000000091200000, 0x0000000091300000|  0%| F|  |TAMS 0x0000000091200000, 0x0000000091200000| Untracked 
| 251|0x0000000091300000, 0x0000000091300000, 0x0000000091400000|  0%| F|  |TAMS 0x0000000091300000, 0x0000000091300000| Untracked 
| 252|0x0000000091400000, 0x0000000091400000, 0x0000000091500000|  0%| F|  |TAMS 0x0000000091400000, 0x0000000091400000| Untracked 
| 253|0x0000000091500000, 0x0000000091500000, 0x0000000091600000|  0%| F|  |TAMS 0x0000000091500000, 0x0000000091500000| Untracked 
| 254|0x0000000091600000, 0x0000000091600000, 0x0000000091700000|  0%| F|  |TAMS 0x0000000091600000, 0x0000000091600000| Untracked 
| 255|0x0000000091700000, 0x0000000091700000, 0x0000000091800000|  0%| F|  |TAMS 0x0000000091700000, 0x0000000091700000| Untracked 
| 256|0x0000000091800000, 0x0000000091800000, 0x0000000091900000|  0%| F|  |TAMS 0x0000000091800000, 0x0000000091800000| Untracked 
| 257|0x0000000091900000, 0x0000000091900000, 0x0000000091a00000|  0%| F|  |TAMS 0x0000000091900000, 0x0000000091900000| Untracked 
| 258|0x0000000091a00000, 0x0000000091a00000, 0x0000000091b00000|  0%| F|  |TAMS 0x0000000091a00000, 0x0000000091a00000| Untracked 
| 259|0x0000000091b00000, 0x0000000091b00000, 0x0000000091c00000|  0%| F|  |TAMS 0x0000000091b00000, 0x0000000091b00000| Untracked 
| 260|0x0000000091c00000, 0x0000000091c00000, 0x0000000091d00000|  0%| F|  |TAMS 0x0000000091c00000, 0x0000000091c00000| Untracked 
| 261|0x0000000091d00000, 0x0000000091d00000, 0x0000000091e00000|  0%| F|  |TAMS 0x0000000091d00000, 0x0000000091d00000| Untracked 
| 262|0x0000000091e00000, 0x0000000091e00000, 0x0000000091f00000|  0%| F|  |TAMS 0x0000000091e00000, 0x0000000091e00000| Untracked 
| 263|0x0000000091f00000, 0x0000000091f00000, 0x0000000092000000|  0%| F|  |TAMS 0x0000000091f00000, 0x0000000091f00000| Untracked 
| 264|0x0000000092000000, 0x0000000092000000, 0x0000000092100000|  0%| F|  |TAMS 0x0000000092000000, 0x0000000092000000| Untracked 
| 265|0x0000000092100000, 0x0000000092100000, 0x0000000092200000|  0%| F|  |TAMS 0x0000000092100000, 0x0000000092100000| Untracked 
| 266|0x0000000092200000, 0x0000000092200000, 0x0000000092300000|  0%| F|  |TAMS 0x0000000092200000, 0x0000000092200000| Untracked 
| 267|0x0000000092300000, 0x0000000092300000, 0x0000000092400000|  0%| F|  |TAMS 0x0000000092300000, 0x0000000092300000| Untracked 
| 268|0x0000000092400000, 0x0000000092400000, 0x0000000092500000|  0%| F|  |TAMS 0x0000000092400000, 0x0000000092400000| Untracked 
| 269|0x0000000092500000, 0x0000000092500000, 0x0000000092600000|  0%| F|  |TAMS 0x0000000092500000, 0x0000000092500000| Untracked 
| 270|0x0000000092600000, 0x0000000092600000, 0x0000000092700000|  0%| F|  |TAMS 0x0000000092600000, 0x0000000092600000| Untracked 
| 271|0x0000000092700000, 0x0000000092700000, 0x0000000092800000|  0%| F|  |TAMS 0x0000000092700000, 0x0000000092700000| Untracked 
| 272|0x0000000092800000, 0x0000000092800000, 0x0000000092900000|  0%| F|  |TAMS 0x0000000092800000, 0x0000000092800000| Untracked 
| 273|0x0000000092900000, 0x0000000092900000, 0x0000000092a00000|  0%| F|  |TAMS 0x0000000092900000, 0x0000000092900000| Untracked 
| 274|0x0000000092a00000, 0x0000000092a00000, 0x0000000092b00000|  0%| F|  |TAMS 0x0000000092a00000, 0x0000000092a00000| Untracked 
| 275|0x0000000092b00000, 0x0000000092b00000, 0x0000000092c00000|  0%| F|  |TAMS 0x0000000092b00000, 0x0000000092b00000| Untracked 
| 276|0x0000000092c00000, 0x0000000092c00000, 0x0000000092d00000|  0%| F|  |TAMS 0x0000000092c00000, 0x0000000092c00000| Untracked 
| 277|0x0000000092d00000, 0x0000000092d00000, 0x0000000092e00000|  0%| F|  |TAMS 0x0000000092d00000, 0x0000000092d00000| Untracked 
| 278|0x0000000092e00000, 0x0000000092e00000, 0x0000000092f00000|  0%| F|  |TAMS 0x0000000092e00000, 0x0000000092e00000| Untracked 
| 279|0x0000000092f00000, 0x0000000092f00000, 0x0000000093000000|  0%| F|  |TAMS 0x0000000092f00000, 0x0000000092f00000| Untracked 
| 280|0x0000000093000000, 0x0000000093000000, 0x0000000093100000|  0%| F|  |TAMS 0x0000000093000000, 0x0000000093000000| Untracked 
| 281|0x0000000093100000, 0x0000000093100000, 0x0000000093200000|  0%| F|  |TAMS 0x0000000093100000, 0x0000000093100000| Untracked 
| 282|0x0000000093200000, 0x0000000093200000, 0x0000000093300000|  0%| F|  |TAMS 0x0000000093200000, 0x0000000093200000| Untracked 
| 283|0x0000000093300000, 0x0000000093300000, 0x0000000093400000|  0%| F|  |TAMS 0x0000000093300000, 0x0000000093300000| Untracked 
| 284|0x0000000093400000, 0x0000000093400000, 0x0000000093500000|  0%| F|  |TAMS 0x0000000093400000, 0x0000000093400000| Untracked 
| 285|0x0000000093500000, 0x0000000093500000, 0x0000000093600000|  0%| F|  |TAMS 0x0000000093500000, 0x0000000093500000| Untracked 
| 286|0x0000000093600000, 0x0000000093600000, 0x0000000093700000|  0%| F|  |TAMS 0x0000000093600000, 0x0000000093600000| Untracked 
| 287|0x0000000093700000, 0x0000000093700000, 0x0000000093800000|  0%| F|  |TAMS 0x0000000093700000, 0x0000000093700000| Untracked 
| 288|0x0000000093800000, 0x0000000093800000, 0x0000000093900000|  0%| F|  |TAMS 0x0000000093800000, 0x0000000093800000| Untracked 
| 289|0x0000000093900000, 0x0000000093900000, 0x0000000093a00000|  0%| F|  |TAMS 0x0000000093900000, 0x0000000093900000| Untracked 
| 290|0x0000000093a00000, 0x0000000093a00000, 0x0000000093b00000|  0%| F|  |TAMS 0x0000000093a00000, 0x0000000093a00000| Untracked 
| 291|0x0000000093b00000, 0x0000000093b00000, 0x0000000093c00000|  0%| F|  |TAMS 0x0000000093b00000, 0x0000000093b00000| Untracked 
| 292|0x0000000093c00000, 0x0000000093c00000, 0x0000000093d00000|  0%| F|  |TAMS 0x0000000093c00000, 0x0000000093c00000| Untracked 
| 293|0x0000000093d00000, 0x0000000093d00000, 0x0000000093e00000|  0%| F|  |TAMS 0x0000000093d00000, 0x0000000093d00000| Untracked 
| 294|0x0000000093e00000, 0x0000000093e00000, 0x0000000093f00000|  0%| F|  |TAMS 0x0000000093e00000, 0x0000000093e00000| Untracked 
| 295|0x0000000093f00000, 0x0000000093f00000, 0x0000000094000000|  0%| F|  |TAMS 0x0000000093f00000, 0x0000000093f00000| Untracked 
| 296|0x0000000094000000, 0x0000000094000000, 0x0000000094100000|  0%| F|  |TAMS 0x0000000094000000, 0x0000000094000000| Untracked 
| 297|0x0000000094100000, 0x0000000094100000, 0x0000000094200000|  0%| F|  |TAMS 0x0000000094100000, 0x0000000094100000| Untracked 
| 298|0x0000000094200000, 0x0000000094200000, 0x0000000094300000|  0%| F|  |TAMS 0x0000000094200000, 0x0000000094200000| Untracked 
| 299|0x0000000094300000, 0x0000000094300000, 0x0000000094400000|  0%| F|  |TAMS 0x0000000094300000, 0x0000000094300000| Untracked 
| 300|0x0000000094400000, 0x0000000094400000, 0x0000000094500000|  0%| F|  |TAMS 0x0000000094400000, 0x0000000094400000| Untracked 
| 301|0x0000000094500000, 0x0000000094500000, 0x0000000094600000|  0%| F|  |TAMS 0x0000000094500000, 0x0000000094500000| Untracked 
| 302|0x0000000094600000, 0x0000000094600000, 0x0000000094700000|  0%| F|  |TAMS 0x0000000094600000, 0x0000000094600000| Untracked 
| 303|0x0000000094700000, 0x0000000094700000, 0x0000000094800000|  0%| F|  |TAMS 0x0000000094700000, 0x0000000094700000| Untracked 
| 304|0x0000000094800000, 0x0000000094800000, 0x0000000094900000|  0%| F|  |TAMS 0x0000000094800000, 0x0000000094800000| Untracked 
| 305|0x0000000094900000, 0x0000000094900000, 0x0000000094a00000|  0%| F|  |TAMS 0x0000000094900000, 0x0000000094900000| Untracked 
| 306|0x0000000094a00000, 0x0000000094a00000, 0x0000000094b00000|  0%| F|  |TAMS 0x0000000094a00000, 0x0000000094a00000| Untracked 
| 307|0x0000000094b00000, 0x0000000094b00000, 0x0000000094c00000|  0%| F|  |TAMS 0x0000000094b00000, 0x0000000094b00000| Untracked 
| 308|0x0000000094c00000, 0x0000000094c00000, 0x0000000094d00000|  0%| F|  |TAMS 0x0000000094c00000, 0x0000000094c00000| Untracked 
| 309|0x0000000094d00000, 0x0000000094d00000, 0x0000000094e00000|  0%| F|  |TAMS 0x0000000094d00000, 0x0000000094d00000| Untracked 
| 310|0x0000000094e00000, 0x0000000094e00000, 0x0000000094f00000|  0%| F|  |TAMS 0x0000000094e00000, 0x0000000094e00000| Untracked 
| 311|0x0000000094f00000, 0x0000000094f00000, 0x0000000095000000|  0%| F|  |TAMS 0x0000000094f00000, 0x0000000094f00000| Untracked 
| 312|0x0000000095000000, 0x0000000095000000, 0x0000000095100000|  0%| F|  |TAMS 0x0000000095000000, 0x0000000095000000| Untracked 
| 313|0x0000000095100000, 0x0000000095100000, 0x0000000095200000|  0%| F|  |TAMS 0x0000000095100000, 0x0000000095100000| Untracked 
| 314|0x0000000095200000, 0x00000000952050a0, 0x0000000095300000|  1%| S|CS|TAMS 0x0000000095200000, 0x0000000095200000| Complete 
| 315|0x0000000095300000, 0x0000000095300000, 0x0000000095400000|  0%| F|  |TAMS 0x0000000095300000, 0x0000000095300000| Untracked 
| 316|0x0000000095400000, 0x0000000095400000, 0x0000000095500000|  0%| F|  |TAMS 0x0000000095400000, 0x0000000095400000| Untracked 
| 317|0x0000000095500000, 0x0000000095500000, 0x0000000095600000|  0%| F|  |TAMS 0x0000000095500000, 0x0000000095500000| Untracked 
| 318|0x0000000095600000, 0x0000000095600000, 0x0000000095700000|  0%| F|  |TAMS 0x0000000095600000, 0x0000000095600000| Untracked 
| 319|0x0000000095700000, 0x0000000095700000, 0x0000000095800000|  0%| F|  |TAMS 0x0000000095700000, 0x0000000095700000| Untracked 

Card table byte_map: [0x00000287e12b0000,0x00000287e16b0000] _byte_map_base: 0x00000287e0ea4000

Marking Bits (Prev, Next): (CMBitMap*) 0x00000287c942b138, (CMBitMap*) 0x00000287c942b178
 Prev Bits: [0x00000287e1ab0000, 0x00000287e3a50000)
 Next Bits: [0x00000287e3a50000, 0x00000287e59f0000)

Polling page: 0x00000287c7320000

Metaspace:

Usage:
  Non-class:      5.67 MB capacity,     5.50 MB ( 97%) used,   151.89 KB (  3%) free+waste,    18.44 KB ( <1%) overhead. 
      Class:    807.00 KB capacity,   685.07 KB ( 85%) used,   109.37 KB ( 14%) free+waste,    12.56 KB (  2%) overhead. 
       Both:      6.46 MB capacity,     6.17 MB ( 96%) used,   261.26 KB (  4%) free+waste,    31.00 KB ( <1%) overhead. 

Virtual space:
  Non-class space:        8.00 MB reserved,       5.75 MB ( 72%) committed 
      Class space:        1.00 GB reserved,     896.00 KB ( <1%) committed 
             Both:        1.01 GB reserved,       6.63 MB ( <1%) committed 

Chunk freelists:
   Non-Class:  18.00 KB
       Class:  25.00 KB
        Both:  43.00 KB

MaxMetaspaceSize: 17179869184.00 GB
CompressedClassSpaceSize: 1.00 GB

CodeHeap 'non-profiled nmethods': size=120000Kb used=340Kb max_used=340Kb free=119659Kb
 bounds [0x00000287d9650000, 0x00000287d98c0000, 0x00000287e0b80000]
CodeHeap 'profiled nmethods': size=120000Kb used=1277Kb max_used=1277Kb free=118722Kb
 bounds [0x00000287d2120000, 0x00000287d2390000, 0x00000287d9650000]
CodeHeap 'non-nmethods': size=5760Kb used=1243Kb max_used=1261Kb free=4516Kb
 bounds [0x00000287d1b80000, 0x00000287d1df0000, 0x00000287d2120000]
 total_blobs=1350 nmethods=829 adapters=434
 compilation: enabled
              stopped_count=0, restarted_count=0
 full_count=0

Compilation events (20 events):
Event: 4.566 Thread 0x00000287e8db9800  820       3       jdk.internal.ref.PhantomCleanable::<init> (49 bytes)
Event: 4.570 Thread 0x00000287e8db9800 nmethod 820 0x00000287d225ae90 code [0x00000287d225b0e0, 0x00000287d225bc58]
Event: 4.570 Thread 0x00000287e8db9800  821   !   3       jdk.internal.ref.PhantomCleanable::insert (53 bytes)
Event: 4.570 Thread 0x00000287e8db9800 nmethod 821 0x00000287d225bf90 code [0x00000287d225c140, 0x00000287d225c5b8]
Event: 4.570 Thread 0x00000287e8db9800  823       3       java.security.AccessController::doPrivileged (9 bytes)
Event: 4.570 Thread 0x00000287e8db9800 nmethod 823 0x00000287d225c710 code [0x00000287d225c8e0, 0x00000287d225cc18]
Event: 4.570 Thread 0x00000287e8db9800  822       3       jdk.internal.ref.CleanerFactory::cleaner (4 bytes)
Event: 4.570 Thread 0x00000287e8db9800 nmethod 822 0x00000287d225cd90 code [0x00000287d225cf20, 0x00000287d225d018]
Event: 4.588 Thread 0x00000287e8db9800  824       3       java.util.Vector::<init> (49 bytes)
Event: 4.589 Thread 0x00000287e8db9800 nmethod 824 0x00000287d225d090 code [0x00000287d225d300, 0x00000287d225ddf8]
Event: 4.594 Thread 0x00000287e8db9800  825       1       java.awt.image.BufferedImage::getColorModel (5 bytes)
Event: 4.594 Thread 0x00000287e8db9800 nmethod 825 0x00000287d96a4f10 code [0x00000287d96a50a0, 0x00000287d96a5178]
Event: 4.599 Thread 0x00000287e8db9800  826       3       java.util.Vector::<init> (7 bytes)
Event: 4.600 Thread 0x00000287e8db9800 nmethod 826 0x00000287d225e190 code [0x00000287d225e340, 0x00000287d225e488]
Event: 4.609 Thread 0x00000287e8db9800  827       3       java.util.Vector::<init> (7 bytes)
Event: 4.609 Thread 0x00000287e8db9800 nmethod 827 0x00000287d225e510 code [0x00000287d225e6c0, 0x00000287d225e888]
Event: 4.622 Thread 0x00000287e8db9800  828       3       java.util.Stack::<init> (5 bytes)
Event: 4.623 Thread 0x00000287e8db9800 nmethod 828 0x00000287d225e990 code [0x00000287d225eb40, 0x00000287d225ed68]
Event: 4.648 Thread 0x00000287e8db9800  829       3       java.lang.Long::valueOf (40 bytes)
Event: 4.648 Thread 0x00000287e8db9800 nmethod 829 0x00000287d225ee90 code [0x00000287d225f040, 0x00000287d225f378]

GC Heap History (20 events):
Event: 4.314 GC heap after
{Heap after GC invocations=17 (full 0):
 garbage-first heap   total 163840K, used 69842K [0x0000000081800000, 0x0000000100000000)
  region size 1024K, 3 young (3072K), 3 survivors (3072K)
 Metaspace       used 6311K, capacity 6613K, committed 6784K, reserved 1056768K
  class space    used 685K, capacity 807K, committed 896K, reserved 1048576K
}
Event: 4.322 GC heap before
{Heap before GC invocations=18 (full 0):
 garbage-first heap   total 163840K, used 80082K [0x0000000081800000, 0x0000000100000000)
  region size 1024K, 4 young (4096K), 3 survivors (3072K)
 Metaspace       used 6311K, capacity 6613K, committed 6784K, reserved 1056768K
  class space    used 685K, capacity 807K, committed 896K, reserved 1048576K
}
Event: 4.325 GC heap after
{Heap after GC invocations=19 (full 0):
 garbage-first heap   total 163840K, used 80186K [0x0000000081800000, 0x0000000100000000)
  region size 1024K, 3 young (3072K), 3 survivors (3072K)
 Metaspace       used 6311K, capacity 6613K, committed 6784K, reserved 1056768K
  class space    used 685K, capacity 807K, committed 896K, reserved 1048576K
}
Event: 4.348 GC heap before
{Heap before GC invocations=20 (full 0):
 garbage-first heap   total 163840K, used 89402K [0x0000000081800000, 0x0000000100000000)
  region size 1024K, 8 young (8192K), 3 survivors (3072K)
 Metaspace       used 6311K, capacity 6613K, committed 6784K, reserved 1056768K
  class space    used 685K, capacity 807K, committed 896K, reserved 1048576K
}
Event: 4.352 GC heap after
{Heap after GC invocations=21 (full 0):
 garbage-first heap   total 163840K, used 75065K [0x0000000081800000, 0x0000000100000000)
  region size 1024K, 3 young (3072K), 3 survivors (3072K)
 Metaspace       used 6311K, capacity 6613K, committed 6784K, reserved 1056768K
  class space    used 685K, capacity 807K, committed 896K, reserved 1048576K
}
Event: 4.359 GC heap before
{Heap before GC invocations=22 (full 0):
 garbage-first heap   total 163840K, used 85305K [0x0000000081800000, 0x0000000100000000)
  region size 1024K, 4 young (4096K), 3 survivors (3072K)
 Metaspace       used 6312K, capacity 6613K, committed 6784K, reserved 1056768K
  class space    used 685K, capacity 807K, committed 896K, reserved 1048576K
}
Event: 4.363 GC heap after
{Heap after GC invocations=23 (full 0):
 garbage-first heap   total 163840K, used 85302K [0x0000000081800000, 0x0000000100000000)
  region size 1024K, 3 young (3072K), 3 survivors (3072K)
 Metaspace       used 6312K, capacity 6613K, committed 6784K, reserved 1056768K
  class space    used 685K, capacity 807K, committed 896K, reserved 1048576K
}
Event: 4.385 GC heap before
{Heap before GC invocations=24 (full 0):
 garbage-first heap   total 163840K, used 94518K [0x0000000081800000, 0x0000000100000000)
  region size 1024K, 8 young (8192K), 3 survivors (3072K)
 Metaspace       used 6312K, capacity 6613K, committed 6784K, reserved 1056768K
  class space    used 685K, capacity 807K, committed 896K, reserved 1048576K
}
Event: 4.389 GC heap after
{Heap after GC invocations=25 (full 0):
 garbage-first heap   total 163840K, used 80188K [0x0000000081800000, 0x0000000100000000)
  region size 1024K, 3 young (3072K), 3 survivors (3072K)
 Metaspace       used 6312K, capacity 6613K, committed 6784K, reserved 1056768K
  class space    used 685K, capacity 807K, committed 896K, reserved 1048576K
}
Event: 4.396 GC heap before
{Heap before GC invocations=26 (full 0):
 garbage-first heap   total 163840K, used 90428K [0x0000000081800000, 0x0000000100000000)
  region size 1024K, 4 young (4096K), 3 survivors (3072K)
 Metaspace       used 6312K, capacity 6613K, committed 6784K, reserved 1056768K
  class space    used 685K, capacity 807K, committed 896K, reserved 1048576K
}
Event: 4.400 GC heap after
{Heap after GC invocations=27 (full 0):
 garbage-first heap   total 163840K, used 90422K [0x0000000081800000, 0x0000000100000000)
  region size 1024K, 1 young (1024K), 1 survivors (1024K)
 Metaspace       used 6312K, capacity 6613K, committed 6784K, reserved 1056768K
  class space    used 685K, capacity 807K, committed 896K, reserved 1048576K
}
Event: 4.421 GC heap before
{Heap before GC invocations=28 (full 0):
 garbage-first heap   total 163840K, used 99638K [0x0000000081800000, 0x0000000100000000)
  region size 1024K, 6 young (6144K), 1 survivors (1024K)
 Metaspace       used 6312K, capacity 6613K, committed 6784K, reserved 1056768K
  class space    used 685K, capacity 807K, committed 896K, reserved 1048576K
}
Event: 4.426 GC heap after
{Heap after GC invocations=29 (full 0):
 garbage-first heap   total 327680K, used 85375K [0x0000000081800000, 0x0000000100000000)
  region size 1024K, 1 young (1024K), 1 survivors (1024K)
 Metaspace       used 6312K, capacity 6613K, committed 6784K, reserved 1056768K
  class space    used 685K, capacity 807K, committed 896K, reserved 1048576K
}
Event: 4.567 GC heap before
{Heap before GC invocations=30 (full 0):
 garbage-first heap   total 327680K, used 169343K [0x0000000081800000, 0x0000000100000000)
  region size 1024K, 24 young (24576K), 1 survivors (1024K)
 Metaspace       used 6318K, capacity 6613K, committed 6784K, reserved 1056768K
  class space    used 685K, capacity 807K, committed 896K, reserved 1048576K
}
Event: 4.569 GC heap after
{Heap after GC invocations=31 (full 0):
 garbage-first heap   total 327680K, used 146787K [0x0000000081800000, 0x0000000100000000)
  region size 1024K, 1 young (1024K), 1 survivors (1024K)
 Metaspace       used 6318K, capacity 6613K, committed 6784K, reserved 1056768K
  class space    used 685K, capacity 807K, committed 896K, reserved 1048576K
}
Event: 4.591 GC heap before
{Heap before GC invocations=32 (full 0):
 garbage-first heap   total 327680K, used 156003K [0x0000000081800000, 0x0000000100000000)
  region size 1024K, 6 young (6144K), 1 survivors (1024K)
 Metaspace       used 6319K, capacity 6613K, committed 6784K, reserved 1056768K
  class space    used 685K, capacity 807K, committed 896K, reserved 1048576K
}
Event: 4.593 GC heap after
{Heap after GC invocations=33 (full 0):
 garbage-first heap   total 327680K, used 116016K [0x0000000081800000, 0x0000000100000000)
  region size 1024K, 1 young (1024K), 1 survivors (1024K)
 Metaspace       used 6319K, capacity 6613K, committed 6784K, reserved 1056768K
  class space    used 685K, capacity 807K, committed 896K, reserved 1048576K
}
Event: 4.640 GC heap before
{Heap before GC invocations=34 (full 0):
 garbage-first heap   total 327680K, used 149808K [0x0000000081800000, 0x0000000100000000)
  region size 1024K, 10 young (10240K), 1 survivors (1024K)
 Metaspace       used 6320K, capacity 6613K, committed 6784K, reserved 1056768K
  class space    used 685K, capacity 807K, committed 896K, reserved 1048576K
}
Event: 4.642 GC heap after
{Heap after GC invocations=35 (full 0):
 garbage-first heap   total 327680K, used 141622K [0x0000000081800000, 0x0000000100000000)
  region size 1024K, 1 young (1024K), 1 survivors (1024K)
 Metaspace       used 6320K, capacity 6613K, committed 6784K, reserved 1056768K
  class space    used 685K, capacity 807K, committed 896K, reserved 1048576K
}
Event: 4.665 GC heap before
{Heap before GC invocations=36 (full 0):
 garbage-first heap   total 327680K, used 161078K [0x0000000081800000, 0x0000000100000000)
  region size 1024K, 6 young (6144K), 1 survivors (1024K)
 Metaspace       used 6320K, capacity 6613K, committed 6784K, reserved 1056768K
  class space    used 685K, capacity 807K, committed 896K, reserved 1048576K
}

Deoptimization events (20 events):
Event: 4.118 Thread 0x00000287c93eb800 DEOPT PACKING pc=0x00000287d224e9b2 sp=0x00000095aebfe280
Event: 4.118 Thread 0x00000287c93eb800 DEOPT UNPACKING pc=0x00000287d1bc964e sp=0x00000095aebfd718 mode 0
Event: 4.118 Thread 0x00000287c93eb800 DEOPT PACKING pc=0x00000287d224e9b2 sp=0x00000095aebfe280
Event: 4.118 Thread 0x00000287c93eb800 DEOPT UNPACKING pc=0x00000287d1bc964e sp=0x00000095aebfd718 mode 0
Event: 4.119 Thread 0x00000287c93eb800 DEOPT PACKING pc=0x00000287d224e9b2 sp=0x00000095aebfe280
Event: 4.119 Thread 0x00000287c93eb800 DEOPT UNPACKING pc=0x00000287d1bc964e sp=0x00000095aebfd718 mode 0
Event: 4.497 Thread 0x00000287c93eb800 DEOPT PACKING pc=0x00000287d2255cbf sp=0x00000095aebfe230
Event: 4.497 Thread 0x00000287c93eb800 DEOPT UNPACKING pc=0x00000287d1bc964e sp=0x00000095aebfd708 mode 0
Event: 4.501 Thread 0x00000287c93eb800 DEOPT PACKING pc=0x00000287d225651a sp=0x00000095aebfe260
Event: 4.501 Thread 0x00000287c93eb800 DEOPT UNPACKING pc=0x00000287d1bc964e sp=0x00000095aebfd6f8 mode 0
Event: 4.501 Thread 0x00000287c93eb800 DEOPT PACKING pc=0x00000287d225651a sp=0x00000095aebfe260
Event: 4.501 Thread 0x00000287c93eb800 DEOPT UNPACKING pc=0x00000287d1bc964e sp=0x00000095aebfd6f8 mode 0
Event: 4.505 Thread 0x00000287c93eb800 DEOPT PACKING pc=0x00000287d225651a sp=0x00000095aebfe260
Event: 4.505 Thread 0x00000287c93eb800 DEOPT UNPACKING pc=0x00000287d1bc964e sp=0x00000095aebfd6f8 mode 0
Event: 4.507 Thread 0x00000287c93eb800 DEOPT PACKING pc=0x00000287d225651a sp=0x00000095aebfe260
Event: 4.507 Thread 0x00000287c93eb800 DEOPT UNPACKING pc=0x00000287d1bc964e sp=0x00000095aebfd6f8 mode 0
Event: 4.509 Thread 0x00000287c93eb800 DEOPT PACKING pc=0x00000287d225651a sp=0x00000095aebfe260
Event: 4.509 Thread 0x00000287c93eb800 DEOPT UNPACKING pc=0x00000287d1bc964e sp=0x00000095aebfd6f8 mode 0
Event: 4.520 Thread 0x00000287c93eb800 DEOPT PACKING pc=0x00000287d225651a sp=0x00000095aebfe260
Event: 4.520 Thread 0x00000287c93eb800 DEOPT UNPACKING pc=0x00000287d1bc964e sp=0x00000095aebfd6f8 mode 0

Classes unloaded (0 events):
No events

Classes redefined (0 events):
No events

Internal exceptions (10 events):
Event: 0.205 Thread 0x00000287c93eb800 Exception <a 'java/lang/ClassNotFoundException'{0x00000000896c1678}: sun/awt/resources/spi/awtProvider> (0x00000000896c1678) 
thrown [./open/src/hotspot/share/classfile/systemDictionary.cpp, line 226]
Event: 0.236 Thread 0x00000287c93eb800 Exception <a 'java/io/FileNotFoundException'{0x000000008959b720}> (0x000000008959b720) 
thrown [./open/src/hotspot/share/prims/jni.cpp, line 599]
Event: 0.243 Thread 0x00000287c93eb800 Exception <a 'java/io/FileNotFoundException'{0x00000000895c1ae8}> (0x00000000895c1ae8) 
thrown [./open/src/hotspot/share/prims/jni.cpp, line 599]
Event: 0.339 Thread 0x00000287e9343800 Exception <a 'java/lang/NoSuchMethodError'{0x00000000894f1020}: 'void java.lang.invoke.DirectMethodHandle$Holder.invokeSpecial(java.lang.Object, java.lang.Object)'> (0x00000000894f1020) 
thrown [./open/src/hotspot/share/interpreter/linkResolver.cpp, line 766]
Event: 0.370 Thread 0x00000287c93eb800 Exception <a 'java/lang/NoSuchMethodError'{0x000000008930d308}: 'java.lang.Object java.lang.invoke.DirectMethodHandle$Holder.invokeStatic(java.lang.Object, int, java.lang.Object, java.lang.Object, java.lang.Object, java.lang.Object)'> (0x000000008930d308) 
thrown [./open/src/hotspot/share/interpreter/linkResolver.cpp, line 766]
Event: 0.371 Thread 0x00000287c93eb800 Exception <a 'java/lang/NoSuchMethodError'{0x0000000089313c28}: 'java.lang.Object java.lang.invoke.DirectMethodHandle$Holder.invokeStatic(java.lang.Object, int, java.lang.Object, java.lang.Object, java.lang.Object)'> (0x0000000089313c28) 
thrown [./open/src/hotspot/share/interpreter/linkResolver.cpp, line 766]
Event: 0.371 Thread 0x00000287c93eb800 Exception <a 'java/lang/NoSuchMethodError'{0x0000000089317478}: 'java.lang.Object java.lang.invoke.DirectMethodHandle$Holder.invokeSpecial(java.lang.Object, java.lang.Object, int, java.lang.Object, java.lang.Object, java.lang.Object)'> (0x0000000089317478) 
thrown [./open/src/hotspot/share/interpreter/linkResolver.cpp, line 766]
Event: 0.375 Thread 0x00000287c93eb800 Exception <a 'java/lang/NoSuchMethodError'{0x000000008932d820}: 'java.lang.Object java.lang.invoke.DirectMethodHandle$Holder.invokeStatic(java.lang.Object, int, java.lang.Object)'> (0x000000008932d820) 
thrown [./open/src/hotspot/share/interpreter/linkResolver.cpp, line 766]
Event: 0.421 Thread 0x00000287c93eb800 Exception <a 'java/lang/ClassNotFoundException'{0x00000000893d3f50}: com/sun/swing/internal/plaf/metal/resources/spi/metalProvider> (0x00000000893d3f50) 
thrown [./open/src/hotspot/share/classfile/systemDictionary.cpp, line 226]
Event: 0.422 Thread 0x00000287c93eb800 Exception <a 'java/lang/ClassNotFoundException'{0x00000000893d8078}: com/sun/swing/internal/plaf/basic/resources/spi/basicProvider> (0x00000000893d8078) 
thrown [./open/src/hotspot/share/classfile/systemDictionary.cpp, line 226]

Events (20 events):
Event: 4.578 Executing VM operation: G1Concurrent done
Event: 4.591 Executing VM operation: G1TryInitiateConcMark
Event: 4.593 Executing VM operation: G1TryInitiateConcMark done
Event: 4.593 Executing VM operation: HandshakeOneThread
Event: 4.593 Executing VM operation: HandshakeOneThread done
Event: 4.597 Executing VM operation: G1Concurrent
Event: 4.598 Executing VM operation: G1Concurrent done
Event: 4.600 Executing VM operation: G1Concurrent
Event: 4.600 Executing VM operation: G1Concurrent done
Event: 4.640 Executing VM operation: G1TryInitiateConcMark
Event: 4.642 Executing VM operation: G1TryInitiateConcMark done
Event: 4.642 Executing VM operation: HandshakeOneThread
Event: 4.642 Executing VM operation: HandshakeOneThread done
Event: 4.642 Executing VM operation: BulkRevokeBias
Event: 4.642 Executing VM operation: BulkRevokeBias done
Event: 4.646 Executing VM operation: G1Concurrent
Event: 4.647 Executing VM operation: G1Concurrent done
Event: 4.648 Executing VM operation: G1Concurrent
Event: 4.649 Executing VM operation: G1Concurrent done
Event: 4.665 Executing VM operation: G1TryInitiateConcMark


Dynamic libraries:
0x00007ff775f80000 - 0x00007ff775f8f000 	C:\Program Files\Java\jdk-14.0.2\bin\java.exe
0x00007ffe48d60000 - 0x00007ffe48f50000 	C:\WINDOWS\SYSTEM32\ntdll.dll
0x00007ffe1feb0000 - 0x00007ffe1fec2000 	C:\Program Files\AVAST Software\Avast\aswhook.dll
0x00007ffe46f90000 - 0x00007ffe47042000 	C:\WINDOWS\System32\KERNEL32.DLL
0x00007ffe46bc0000 - 0x00007ffe46e65000 	C:\WINDOWS\System32\KERNELBASE.dll
0x00007ffe46840000 - 0x00007ffe4693a000 	C:\WINDOWS\System32\ucrtbase.dll
0x00007ffe40750000 - 0x00007ffe40765000 	C:\Program Files\Java\jdk-14.0.2\bin\VCRUNTIME140.dll
0x00007ffe43a50000 - 0x00007ffe43a68000 	C:\Program Files\Java\jdk-14.0.2\bin\jli.dll
0x00007ffe46e70000 - 0x00007ffe46f13000 	C:\WINDOWS\System32\ADVAPI32.dll
0x00007ffe47c70000 - 0x00007ffe47d0e000 	C:\WINDOWS\System32\msvcrt.dll
0x00007ffe47ec0000 - 0x00007ffe47f57000 	C:\WINDOWS\System32\sechost.dll
0x00007ffe47330000 - 0x00007ffe4744f000 	C:\WINDOWS\System32\RPCRT4.dll
0x00007ffe47190000 - 0x00007ffe47324000 	C:\WINDOWS\System32\USER32.dll
0x00007ffe316a0000 - 0x00007ffe31924000 	C:\WINDOWS\WinSxS\amd64_microsoft.windows.common-controls_6595b64144ccf1df_6.0.18362.1440_none_9e7dbfb9e45e8e67\COMCTL32.dll
0x00007ffe464d0000 - 0x00007ffe464f1000 	C:\WINDOWS\System32\win32u.dll
0x00007ffe48270000 - 0x00007ffe485a6000 	C:\WINDOWS\System32\combase.dll
0x00007ffe47050000 - 0x00007ffe47076000 	C:\WINDOWS\System32\GDI32.dll
0x00007ffe46b30000 - 0x00007ffe46bb1000 	C:\WINDOWS\System32\bcryptPrimitives.dll
0x00007ffe46940000 - 0x00007ffe46ad8000 	C:\WINDOWS\System32\gdi32full.dll
0x00007ffe467a0000 - 0x00007ffe4683e000 	C:\WINDOWS\System32\msvcp_win.dll
0x00007ffe3fae0000 - 0x00007ffe3faea000 	C:\WINDOWS\SYSTEM32\VERSION.dll
0x00007ffe47160000 - 0x00007ffe4718e000 	C:\WINDOWS\System32\IMM32.DLL
0x00007ffe168f0000 - 0x00007ffe1698b000 	C:\Program Files\Java\jdk-14.0.2\bin\msvcp140.dll
0x00007ffdc1ab0000 - 0x00007ffdc25ce000 	C:\Program Files\Java\jdk-14.0.2\bin\server\jvm.dll
0x00007ffe46f20000 - 0x00007ffe46f28000 	C:\WINDOWS\System32\PSAPI.DLL
0x00007ffe43420000 - 0x00007ffe43444000 	C:\WINDOWS\SYSTEM32\WINMM.dll
0x00007ffe44710000 - 0x00007ffe44719000 	C:\WINDOWS\SYSTEM32\WSOCK32.dll
0x00007ffe47de0000 - 0x00007ffe47e4f000 	C:\WINDOWS\System32\WS2_32.dll
0x00007ffe433f0000 - 0x00007ffe4341d000 	C:\WINDOWS\SYSTEM32\WINMMBASE.dll
0x00007ffe46ae0000 - 0x00007ffe46b2a000 	C:\WINDOWS\System32\cfgmgr32.dll
0x00007ffe45c80000 - 0x00007ffe45c91000 	C:\WINDOWS\System32\kernel.appcore.dll
0x00007ffe40b50000 - 0x00007ffe40b5a000 	C:\Program Files\Java\jdk-14.0.2\bin\jimage.dll
0x00007ffe444e0000 - 0x00007ffe446d4000 	C:\WINDOWS\SYSTEM32\DBGHELP.DLL
0x00007ffe3a720000 - 0x00007ffe3a74a000 	C:\WINDOWS\SYSTEM32\dbgcore.DLL
0x00007ffe3eff0000 - 0x00007ffe3effe000 	C:\Program Files\Java\jdk-14.0.2\bin\instrument.dll
0x00007ffe3e430000 - 0x00007ffe3e455000 	C:\Program Files\Java\jdk-14.0.2\bin\java.dll
0x00007ffe3f050000 - 0x00007ffe3f066000 	C:\Program Files\Java\jdk-14.0.2\bin\zip.dll
0x00007ffe47580000 - 0x00007ffe47c68000 	C:\WINDOWS\System32\SHELL32.dll
0x00007ffe47090000 - 0x00007ffe47137000 	C:\WINDOWS\System32\shcore.dll
0x00007ffe45d50000 - 0x00007ffe464cb000 	C:\WINDOWS\System32\windows.storage.dll
0x00007ffe45ca0000 - 0x00007ffe45cbe000 	C:\WINDOWS\System32\profapi.dll
0x00007ffe45ce0000 - 0x00007ffe45d2a000 	C:\WINDOWS\System32\powrprof.dll
0x00007ffe45c70000 - 0x00007ffe45c80000 	C:\WINDOWS\System32\UMPDC.dll
0x00007ffe46f30000 - 0x00007ffe46f82000 	C:\WINDOWS\System32\shlwapi.dll
0x00007ffe45d30000 - 0x00007ffe45d47000 	C:\WINDOWS\System32\cryptsp.dll
0x00007ffe3e2f0000 - 0x00007ffe3e309000 	C:\Program Files\Java\jdk-14.0.2\bin\net.dll
0x00007ffe372c0000 - 0x00007ffe373ba000 	C:\WINDOWS\SYSTEM32\WINHTTP.dll
0x00007ffe45400000 - 0x00007ffe45467000 	C:\WINDOWS\system32\mswsock.dll
0x00007ffe3e2d0000 - 0x00007ffe3e2e2000 	C:\Program Files\Java\jdk-14.0.2\bin\nio.dll
0x00007ffe361e0000 - 0x00007ffe361fa000 	C:\Program Files\JetBrains\IntelliJ IDEA 2020.2.2\bin\breakgen64.dll
0x00007ffdf3a50000 - 0x00007ffdf3be9000 	C:\Program Files\Java\jdk-14.0.2\bin\awt.dll
0x00007ffe47d10000 - 0x00007ffe47dd5000 	C:\WINDOWS\System32\OLEAUT32.dll
0x00007ffe43ad0000 - 0x00007ffe43b5f000 	C:\WINDOWS\SYSTEM32\apphelp.dll
0x00007ffe3efe0000 - 0x00007ffe3eff0000 	C:\Program Files\Java\jdk-14.0.2\bin\verify.dll
0x00007ffe43ba0000 - 0x00007ffe43c39000 	C:\WINDOWS\system32\uxtheme.dll
0x00007ffe48a90000 - 0x00007ffe48bc5000 	C:\WINDOWS\System32\MSCTF.dll
0x00007ffe47f60000 - 0x00007ffe480b7000 	C:\WINDOWS\System32\ole32.dll
0x00007ffe43fc0000 - 0x00007ffe43fed000 	C:\WINDOWS\system32\DWMAPI.DLL
0x00007ffe22cc0000 - 0x00007ffe22ced000 	C:\Program Files\Java\jdk-14.0.2\bin\javajpeg.dll
0x00007ffe0e0d0000 - 0x00007ffe0e10f000 	C:\Program Files\Java\jdk-14.0.2\bin\lcms.dll
0x00007ffe1fae0000 - 0x00007ffe1fc36000 	C:\WINDOWS\system32\opengl32.dll
0x00007ffe406e0000 - 0x00007ffe4070c000 	C:\WINDOWS\SYSTEM32\GLU32.dll
0x00007ffe448e0000 - 0x00007ffe44900000 	C:\WINDOWS\SYSTEM32\dxcore.dll

dbghelp: loaded successfully - version: 4.0.5 - missing functions: none
symbol engine: initialized successfully - sym options: 0x614 - pdb path: .;C:\Program Files\Java\jdk-14.0.2\bin;C:\WINDOWS\SYSTEM32;C:\Program Files\AVAST Software\Avast;C:\WINDOWS\WinSxS\amd64_microsoft.windows.common-controls_6595b64144ccf1df_6.0.18362.1440_none_9e7dbfb9e45e8e67;C:\Program Files\Java\jdk-14.0.2\bin\server;C:\Program Files\JetBrains\IntelliJ IDEA 2020.2.2\bin

VM Arguments:
jvm_args: -javaagent:C:\Program Files\JetBrains\IntelliJ IDEA 2020.2.2\lib\idea_rt.jar=53370:C:\Program Files\JetBrains\IntelliJ IDEA 2020.2.2\bin -Dfile.encoding=UTF-8 
java_command: com.mesi.MainZeldo
java_class_path (initial): D:\Dev\ipi\java\projet-mesi\target\classes;C:\Users\Clément\.m2\repository\log4j\log4j\1.2.12\log4j-1.2.12.jar;C:\Users\Clément\.m2\repository\com\googlecode\json-simple\json-simple\1.1.1\json-simple-1.1.1.jar;C:\Users\Clément\.m2\repository\junit\junit\4.10\junit-4.10.jar;C:\Users\Clément\.m2\repository\org\hamcrest\hamcrest-core\1.1\hamcrest-core-1.1.jar;C:\Users\Clément\.m2\repository\com\github\cliftonlabs\json-simple\3.1.0\json-simple-3.1.0.jar;C:\Users\Clément\.m2\repository\com\github\Trilarion\java-vorbis-support\1.2.1\java-vorbis-support-1.2.1.jar
Launcher Type: SUN_STANDARD

[Global flags]
     intx CICompilerCount                          = 4                                         {product} {ergonomic}
     uint ConcGCThreads                            = 2                                         {product} {ergonomic}
     uint G1ConcRefinementThreads                  = 8                                         {product} {ergonomic}
   size_t G1HeapRegionSize                         = 1048576                                   {product} {ergonomic}
    uintx GCDrainStackTargetSize                   = 64                                        {product} {ergonomic}
   size_t InitialHeapSize                          = 134217728                                 {product} {ergonomic}
   size_t MarkStackSize                            = 4194304                                   {product} {ergonomic}
   size_t MaxHeapSize                              = 2122317824                                {product} {ergonomic}
   size_t MaxNewSize                               = 1272971264                                {product} {ergonomic}
   size_t MinHeapDeltaBytes                        = 1048576                                   {product} {ergonomic}
   size_t MinHeapSize                              = 8388608                                   {product} {ergonomic}
    uintx NonNMethodCodeHeapSize                   = 5839372                                {pd product} {ergonomic}
    uintx NonProfiledCodeHeapSize                  = 122909434                              {pd product} {ergonomic}
    uintx ProfiledCodeHeapSize                     = 122909434                              {pd product} {ergonomic}
    uintx ReservedCodeCacheSize                    = 251658240                              {pd product} {ergonomic}
     bool SegmentedCodeCache                       = true                                      {product} {ergonomic}
   size_t SoftMaxHeapSize                          = 2122317824                             {manageable} {ergonomic}
     bool UseCompressedClassPointers               = true                                 {lp64_product} {ergonomic}
     bool UseCompressedOops                        = true                                 {lp64_product} {ergonomic}
     bool UseG1GC                                  = true                                      {product} {ergonomic}
     bool UseLargePagesIndividualAllocation        = false                                  {pd product} {ergonomic}

Logging:
Log output configuration:
 #0: stdout all=warning uptime,level,tags
 #1: stderr all=off uptime,level,tags

Environment Variables:
JAVA_HOME=C:\Program Files\Java\jdk-14.0.2
PATH=D:\Dev\logiciels\OracleXE11\app\oracle\product\11.2.0\server\bin;;D:\Dev\logiciels\OracleXE18\dbhomeXE\bin;C:\Program Files\Common Files\Oracle\Java\javapath;C:\Program Files (x86)\Common Files\Oracle\Java\javapath;D:\Programmation\logiciels\OracleXE\app\oracle\product\11.2.0\server\bin;D:\Programmation\logiciels\OracleXE\dbhomeXE\bin;D:\Programmation\logiciels\OracleDBEx\dbhomeXE\bin;C:\Program Files (x86)\Intel\iCLS Client\;C:\Program Files\Intel\iCLS Client\;C:\Windows\system32;C:\Windows;C:\Windows\System32\Wbem;C:\Windows\System32\WindowsPowerShell\v1.0\;C:\Program Files (x86)\Intel\Intel(R) Management Engine Components\DAL;C:\Program Files\Intel\Intel(R) Management Engine Components\DAL;C:\Program Files (x86)\Intel\Intel(R) Management Engine Components\IPT;C:\Program Files\Intel\Intel(R) Management Engine Components\IPT;C:\Program Files (x86)\NVIDIA Corporation\PhysX\Common;C:\Program Files\Intel\WiFi\bin\;C:\Program Files\Common Files\Intel\WirelessCommon\;C:\WINDOWS\system32;C:\WINDOWS;C:\WINDOWS\System32\Wbem;C:\WINDOWS\System32\WindowsPowerShell\v1.0\;C:\WINDOWS\System32\OpenSSH\;C:\Program Files\Visual Studio Code\bin;C:\ProgramData\ComposerSetup\bin;C:\Program Files\Git\cmd;C:\Program Files\PuTTY\;C:\Program Files\Nodejs\;C:\Program Files\Docker\Docker\resources\bin;C:\ProgramData\DockerDesktop\version-bin;C:\Program Files\MySQL\MySQL Shell 8.0\bin\;C:\Users\Clément\AppData\Local\Microsoft\WindowsApps;C:\Users\Clément\AppData\Roaming\Composer\vendor\bin;C:\Wamp\bin\php\php7.4.0;C:\Program Files\Java\jdk-14.0.2\bin;C:\Program Files\Nodejs;C:\Program Files\JetBrains\IntelliJ IDEA 2020.2.2\bin;;%IntelliJ IDEA Community Edition%;D:\Dev\logiciels\SQLite;C:\Program Files\MySQL\MySQL Server 8.0\bin;C:\web\nginx-1.18.0;D:\Dev\logiciels\Maven\bin;C:\Users\Clément\AppData\Roaming\npm
USERNAME=Clément
OS=Windows_NT
PROCESSOR_IDENTIFIER=Intel64 Family 6 Model 94 Stepping 3, GenuineIntel



---------------  S Y S T E M  ---------------

OS: Windows 10 , 64 bit Build 18362 (10.0.18362.1350)
OS uptime: 0 days 13:42 hours
HyperV virtualization detected

CPU:total 8 (initial active 8) (4 cores per cpu, 2 threads per core) family 6 model 94 stepping 3, cmov, cx8, fxsr, mmx, sse, sse2, sse3, ssse3, sse4.1, sse4.2, popcnt, avx, avx2, aes, clmul, erms, rtm, 3dnowpref, lzcnt, ht, tsc, tscinvbit, bmi1, bmi2, adx, fma

Memory: 4k page, system-wide physical 8090M (1533M free)
TotalPageFile size 11898M (AvailPageFile size 304M)
current process WorkingSet (physical memory assigned to process): 240M, peak: 240M
current process commit charge ("private bytes"): 424M, peak: 729M

vm_info: Java HotSpot(TM) 64-Bit Server VM (14.0.2+12-46) for windows-amd64 JRE (14.0.2+12-46), built on Jul  9 2020 00:35:52 by "mach5one" with MS VC++ 15.9 (VS2017)

END.
